SessionID[MTM0ODY=] 2018-02-01 00:51:21,528 : ---[ Start DHCP Thu Feb  1 00:51:21 2018]---
SessionID[MTM0ODY=] 2018-02-01 00:51:21,533 : Internet Systems Consortium DHCP Server 4.3.5
SessionID[MTM0ODY=] 2018-02-01 00:51:21,533 : Copyright 2004-2016 Internet Systems Consortium.
SessionID[MTM0ODY=] 2018-02-01 00:51:21,533 : All rights reserved.
SessionID[MTM0ODY=] 2018-02-01 00:51:21,533 : For info, please visit https://www.isc.org/software/dhcp/
SessionID[MTM0ODY=] 2018-02-01 00:51:21,536 : Config file: /etc/dhcp/dhcpd.conf
SessionID[MTM0ODY=] 2018-02-01 00:51:21,537 : Database file: /var/lib/dhcp/dhcpd.leases
SessionID[MTM0ODY=] 2018-02-01 00:51:21,537 : PID file: /var/run/dhcpd.pid
SessionID[MTM0ODY=] 2018-02-01 00:51:21,537 : Wrote 0 leases to leases file.
SessionID[MTM0ODY=] 2018-02-01 00:51:21,603 : 
SessionID[MTM0ODY=] 2018-02-01 00:51:21,603 : No subnet declaration for wlan0 (172.16.0.1).
SessionID[MTM0ODY=] 2018-02-01 00:51:21,603 : ** Ignoring requests on wlan0.  If this is not what
SessionID[MTM0ODY=] 2018-02-01 00:51:21,603 :    you want, please write a subnet declaration
SessionID[MTM0ODY=] 2018-02-01 00:51:21,603 :    in your dhcpd.conf file for the network segment
SessionID[MTM0ODY=] 2018-02-01 00:51:21,603 :    to which interface wlan0 is attached. **
SessionID[MTM0ODY=] 2018-02-01 00:51:21,603 : 
SessionID[MTM0ODY=] 2018-02-01 00:51:21,603 : 
SessionID[MTM0ODY=] 2018-02-01 00:51:21,603 : Not configured to listen on any interfaces!
SessionID[MTM0ODY=] 2018-02-01 00:51:21,603 : 
SessionID[MTM0ODY=] 2018-02-01 00:51:21,603 : If you think you have received this message due to a bug rather
SessionID[MTM0ODY=] 2018-02-01 00:51:21,603 : than a configuration issue please read the section on submitting
SessionID[MTM0ODY=] 2018-02-01 00:51:21,603 : bugs on either our web page at www.isc.org or in the README file
SessionID[MTM0ODY=] 2018-02-01 00:51:21,604 : before submitting a bug.  These pages explain the proper
SessionID[MTM0ODY=] 2018-02-01 00:51:21,604 : process and the information we find helpful for debugging..
SessionID[MTM0ODY=] 2018-02-01 00:51:21,604 : 
SessionID[MTM0ODY=] 2018-02-01 00:51:21,604 : exiting.
SessionID[NjU1MDY=] 2018-02-01 00:52:47,326 : ---[ Start DHCP Thu Feb  1 00:52:47 2018]---
SessionID[NjU1MDY=] 2018-02-01 00:52:47,332 : Internet Systems Consortium DHCP Server 4.3.5
SessionID[NjU1MDY=] 2018-02-01 00:52:47,332 : Copyright 2004-2016 Internet Systems Consortium.
SessionID[NjU1MDY=] 2018-02-01 00:52:47,332 : All rights reserved.
SessionID[NjU1MDY=] 2018-02-01 00:52:47,332 : For info, please visit https://www.isc.org/software/dhcp/
SessionID[NjU1MDY=] 2018-02-01 00:52:47,335 : Config file: /etc/dhcp/dhcpd.conf
SessionID[NjU1MDY=] 2018-02-01 00:52:47,335 : Database file: /var/lib/dhcp/dhcpd.leases
SessionID[NjU1MDY=] 2018-02-01 00:52:47,336 : PID file: /var/run/dhcpd.pid
SessionID[NjU1MDY=] 2018-02-01 00:52:47,336 : Wrote 0 leases to leases file.
SessionID[NjU1MDY=] 2018-02-01 00:52:47,386 : 
SessionID[NjU1MDY=] 2018-02-01 00:52:47,387 : No subnet declaration for wlan0 (172.16.0.1).
SessionID[NjU1MDY=] 2018-02-01 00:52:47,387 : ** Ignoring requests on wlan0.  If this is not what
SessionID[NjU1MDY=] 2018-02-01 00:52:47,387 :    you want, please write a subnet declaration
SessionID[NjU1MDY=] 2018-02-01 00:52:47,387 :    in your dhcpd.conf file for the network segment
SessionID[NjU1MDY=] 2018-02-01 00:52:47,387 :    to which interface wlan0 is attached. **
SessionID[NjU1MDY=] 2018-02-01 00:52:47,387 : 
SessionID[NjU1MDY=] 2018-02-01 00:52:47,387 : 
SessionID[NjU1MDY=] 2018-02-01 00:52:47,387 : Not configured to listen on any interfaces!
SessionID[NjU1MDY=] 2018-02-01 00:52:47,388 : 
SessionID[NjU1MDY=] 2018-02-01 00:52:47,388 : If you think you have received this message due to a bug rather
SessionID[NjU1MDY=] 2018-02-01 00:52:47,388 : than a configuration issue please read the section on submitting
SessionID[NjU1MDY=] 2018-02-01 00:52:47,388 : bugs on either our web page at www.isc.org or in the README file
SessionID[NjU1MDY=] 2018-02-01 00:52:47,388 : before submitting a bug.  These pages explain the proper
SessionID[NjU1MDY=] 2018-02-01 00:52:47,388 : process and the information we find helpful for debugging..
SessionID[NjU1MDY=] 2018-02-01 00:52:47,388 : 
SessionID[NjU1MDY=] 2018-02-01 00:52:47,389 : exiting.
SessionID[NjU1MDY=] 2018-02-01 00:53:04,700 : ---[ Start DHCP Thu Feb  1 00:53:04 2018]---
SessionID[NDY2NzI=] 2018-02-01 00:53:04,700 : ---[ Start DHCP Thu Feb  1 00:53:04 2018]---
SessionID[NjU1MDY=] 2018-02-01 00:53:04,704 : Internet Systems Consortium DHCP Server 4.3.5
SessionID[NDY2NzI=] 2018-02-01 00:53:04,704 : Internet Systems Consortium DHCP Server 4.3.5
SessionID[NjU1MDY=] 2018-02-01 00:53:04,705 : Copyright 2004-2016 Internet Systems Consortium.
SessionID[NDY2NzI=] 2018-02-01 00:53:04,705 : Copyright 2004-2016 Internet Systems Consortium.
SessionID[NjU1MDY=] 2018-02-01 00:53:04,705 : All rights reserved.
SessionID[NDY2NzI=] 2018-02-01 00:53:04,705 : All rights reserved.
SessionID[NjU1MDY=] 2018-02-01 00:53:04,705 : For info, please visit https://www.isc.org/software/dhcp/
SessionID[NDY2NzI=] 2018-02-01 00:53:04,705 : For info, please visit https://www.isc.org/software/dhcp/
SessionID[NjU1MDY=] 2018-02-01 00:53:04,708 : Config file: /etc/dhcp/dhcpd.conf
SessionID[NDY2NzI=] 2018-02-01 00:53:04,708 : Config file: /etc/dhcp/dhcpd.conf
SessionID[NjU1MDY=] 2018-02-01 00:53:04,708 : Database file: /var/lib/dhcp/dhcpd.leases
SessionID[NDY2NzI=] 2018-02-01 00:53:04,708 : Database file: /var/lib/dhcp/dhcpd.leases
SessionID[NjU1MDY=] 2018-02-01 00:53:04,708 : PID file: /var/run/dhcpd.pid
SessionID[NDY2NzI=] 2018-02-01 00:53:04,708 : PID file: /var/run/dhcpd.pid
SessionID[NjU1MDY=] 2018-02-01 00:53:04,708 : Wrote 0 leases to leases file.
SessionID[NDY2NzI=] 2018-02-01 00:53:04,708 : Wrote 0 leases to leases file.
SessionID[NjU1MDY=] 2018-02-01 00:53:04,744 : 
SessionID[NDY2NzI=] 2018-02-01 00:53:04,744 :
SessionID[NjU1MDY=] 2018-02-01 00:53:04,744 : No subnet declaration for wlan0 (172.16.0.1).
SessionID[NDY2NzI=] 2018-02-01 00:53:04,744 : No subnet declaration for wlan0 (172.16.0.1).
SessionID[NjU1MDY=] 2018-02-01 00:53:04,744 : ** Ignoring requests on wlan0.  If this is not what
SessionID[NDY2NzI=] 2018-02-01 00:53:04,744 : ** Ignoring requests on wlan0.  If this is not what
SessionID[NjU1MDY=] 2018-02-01 00:53:04,745 :    you want, please write a subnet declaration
SessionID[NDY2NzI=] 2018-02-01 00:53:04,745 :    you want, please write a subnet declaration
SessionID[NjU1MDY=] 2018-02-01 00:53:04,745 :    in your dhcpd.conf file for the network segment
SessionID[NDY2NzI=] 2018-02-01 00:53:04,745 :    in your dhcpd.conf file for the network segment
SessionID[NjU1MDY=] 2018-02-01 00:53:04,745 :    to which interface wlan0 is attached. **
SessionID[NDY2NzI=] 2018-02-01 00:53:04,745 :    to which interface wlan0 is attached. **
SessionID[NjU1MDY=] 2018-02-01 00:53:04,745 : 
SessionID[NDY2NzI=] 2018-02-01 00:53:04,745 : 
SessionID[NjU1MDY=] 2018-02-01 00:53:04,745 : 
SessionID[NDY2NzI=] 2018-02-01 00:53:04,745 : 
SessionID[NjU1MDY=] 2018-02-01 00:53:04,746 : Not configured to listen on any interfaces!
SessionID[NDY2NzI=] 2018-02-01 00:53:04,746 : Not configured to listen on any interfaces!
SessionID[NjU1MDY=] 2018-02-01 00:53:04,746 : 
SessionID[NDY2NzI=] 2018-02-01 00:53:04,746 : 
SessionID[NjU1MDY=] 2018-02-01 00:53:04,746 : If you think you have received this message due to a bug rather
SessionID[NDY2NzI=] 2018-02-01 00:53:04,746 : If you think you have received this message due to a bug rather
SessionID[NjU1MDY=] 2018-02-01 00:53:04,746 : than a configuration issue please read the section on submitting
SessionID[NDY2NzI=] 2018-02-01 00:53:04,746 : than a configuration issue please read the section on submitting
SessionID[NjU1MDY=] 2018-02-01 00:53:04,746 : bugs on either our web page at www.isc.org or in the README file
SessionID[NDY2NzI=] 2018-02-01 00:53:04,746 : bugs on either our web page at www.isc.org or in the README file
SessionID[NjU1MDY=] 2018-02-01 00:53:04,747 : before submitting a bug.  These pages explain the proper
SessionID[NDY2NzI=] 2018-02-01 00:53:04,747 : before submitting a bug.  These pages explain the proper
SessionID[NjU1MDY=] 2018-02-01 00:53:04,747 : process and the information we find helpful for debugging..
SessionID[NDY2NzI=] 2018-02-01 00:53:04,747 : process and the information we find helpful for debugging..
SessionID[NjU1MDY=] 2018-02-01 00:53:04,747 : 
SessionID[NDY2NzI=] 2018-02-01 00:53:04,747 : 
SessionID[NjU1MDY=] 2018-02-01 00:53:04,747 : exiting.
SessionID[NDY2NzI=] 2018-02-01 00:53:04,747 : exiting.
SessionID[NTU3MjQ=] 2018-02-01 00:56:17,457 : ---[ Start DHCP Thu Feb  1 00:56:17 2018]---
SessionID[NTU3MjQ=] 2018-02-01 00:56:17,461 : Internet Systems Consortium DHCP Server 4.3.5
SessionID[NTU3MjQ=] 2018-02-01 00:56:17,461 : Copyright 2004-2016 Internet Systems Consortium.
SessionID[NTU3MjQ=] 2018-02-01 00:56:17,461 : All rights reserved.
SessionID[NTU3MjQ=] 2018-02-01 00:56:17,461 : For info, please visit https://www.isc.org/software/dhcp/
SessionID[NTU3MjQ=] 2018-02-01 00:56:17,464 : Config file: /etc/dhcp/dhcpd.conf
SessionID[NTU3MjQ=] 2018-02-01 00:56:17,465 : Database file: /var/lib/dhcp/dhcpd.leases
SessionID[NTU3MjQ=] 2018-02-01 00:56:17,465 : PID file: /var/run/dhcpd.pid
SessionID[NTU3MjQ=] 2018-02-01 00:56:17,465 : Wrote 0 leases to leases file.
SessionID[NTU3MjQ=] 2018-02-01 00:56:17,511 : 
SessionID[NTU3MjQ=] 2018-02-01 00:56:17,511 : No subnet declaration for wlan0 (172.16.0.1).
SessionID[NTU3MjQ=] 2018-02-01 00:56:17,511 : ** Ignoring requests on wlan0.  If this is not what
SessionID[NTU3MjQ=] 2018-02-01 00:56:17,511 :    you want, please write a subnet declaration
SessionID[NTU3MjQ=] 2018-02-01 00:56:17,511 :    in your dhcpd.conf file for the network segment
SessionID[NTU3MjQ=] 2018-02-01 00:56:17,511 :    to which interface wlan0 is attached. **
SessionID[NTU3MjQ=] 2018-02-01 00:56:17,511 : 
SessionID[NTU3MjQ=] 2018-02-01 00:56:17,511 : 
SessionID[NTU3MjQ=] 2018-02-01 00:56:17,511 : Not configured to listen on any interfaces!
SessionID[NTU3MjQ=] 2018-02-01 00:56:17,511 : 
SessionID[NTU3MjQ=] 2018-02-01 00:56:17,512 : If you think you have received this message due to a bug rather
SessionID[NTU3MjQ=] 2018-02-01 00:56:17,512 : than a configuration issue please read the section on submitting
SessionID[NTU3MjQ=] 2018-02-01 00:56:17,512 : bugs on either our web page at www.isc.org or in the README file
SessionID[NTU3MjQ=] 2018-02-01 00:56:17,512 : before submitting a bug.  These pages explain the proper
SessionID[NTU3MjQ=] 2018-02-01 00:56:17,512 : process and the information we find helpful for debugging..
SessionID[NTU3MjQ=] 2018-02-01 00:56:17,512 : 
SessionID[NTU3MjQ=] 2018-02-01 00:56:17,512 : exiting.
SessionID[NjQ4Mjk=] 2018-02-01 01:00:40,270 : ---[ Start DHCP Thu Feb  1 01:00:40 2018]---
SessionID[NjQ4Mjk=] 2018-02-01 01:00:40,276 : Internet Systems Consortium DHCP Server 4.3.5
SessionID[NjQ4Mjk=] 2018-02-01 01:00:40,276 : Copyright 2004-2016 Internet Systems Consortium.
SessionID[NjQ4Mjk=] 2018-02-01 01:00:40,276 : All rights reserved.
SessionID[NjQ4Mjk=] 2018-02-01 01:00:40,276 : For info, please visit https://www.isc.org/software/dhcp/
SessionID[NjQ4Mjk=] 2018-02-01 01:00:40,279 : Config file: /etc/dhcp/dhcpd.conf
SessionID[NjQ4Mjk=] 2018-02-01 01:00:40,279 : Database file: /var/lib/dhcp/dhcpd.leases
SessionID[NjQ4Mjk=] 2018-02-01 01:00:40,279 : PID file: /var/run/dhcpd.pid
SessionID[NjQ4Mjk=] 2018-02-01 01:00:40,280 : Wrote 0 leases to leases file.
SessionID[NjQ4Mjk=] 2018-02-01 01:00:40,316 : 
SessionID[NjQ4Mjk=] 2018-02-01 01:00:40,316 : No subnet declaration for wlan0 (172.16.0.1).
SessionID[NjQ4Mjk=] 2018-02-01 01:00:40,316 : ** Ignoring requests on wlan0.  If this is not what
SessionID[NjQ4Mjk=] 2018-02-01 01:00:40,316 :    you want, please write a subnet declaration
SessionID[NjQ4Mjk=] 2018-02-01 01:00:40,317 :    in your dhcpd.conf file for the network segment
SessionID[NjQ4Mjk=] 2018-02-01 01:00:40,317 :    to which interface wlan0 is attached. **
SessionID[NjQ4Mjk=] 2018-02-01 01:00:40,317 : 
SessionID[NjQ4Mjk=] 2018-02-01 01:00:40,317 : 
SessionID[NjQ4Mjk=] 2018-02-01 01:00:40,317 : Not configured to listen on any interfaces!
SessionID[NjQ4Mjk=] 2018-02-01 01:00:40,317 : 
SessionID[NjQ4Mjk=] 2018-02-01 01:00:40,317 : If you think you have received this message due to a bug rather
SessionID[NjQ4Mjk=] 2018-02-01 01:00:40,317 : than a configuration issue please read the section on submitting
SessionID[NjQ4Mjk=] 2018-02-01 01:00:40,317 : bugs on either our web page at www.isc.org or in the README file
SessionID[NjQ4Mjk=] 2018-02-01 01:00:40,317 : before submitting a bug.  These pages explain the proper
SessionID[NjQ4Mjk=] 2018-02-01 01:00:40,317 : process and the information we find helpful for debugging..
SessionID[NjQ4Mjk=] 2018-02-01 01:00:40,317 : 
SessionID[NjQ4Mjk=] 2018-02-01 01:00:40,317 : exiting.
SessionID[MjE0Mjg=] 2018-02-02 23:49:23,536 : ---[ Start DHCP Fri Feb  2 23:49:23 2018]---
SessionID[MjE0Mjg=] 2018-02-02 23:49:23,540 : Internet Systems Consortium DHCP Server 4.3.5
SessionID[MjE0Mjg=] 2018-02-02 23:49:23,540 : Copyright 2004-2016 Internet Systems Consortium.
SessionID[MjE0Mjg=] 2018-02-02 23:49:23,540 : All rights reserved.
SessionID[MjE0Mjg=] 2018-02-02 23:49:23,540 : For info, please visit https://www.isc.org/software/dhcp/
SessionID[MjE0Mjg=] 2018-02-02 23:49:23,545 : Config file: /etc/dhcp/dhcpd.conf
SessionID[MjE0Mjg=] 2018-02-02 23:49:23,545 : Database file: /var/lib/dhcp/dhcpd.leases
SessionID[MjE0Mjg=] 2018-02-02 23:49:23,545 : PID file: /var/run/dhcpd.pid
SessionID[MjE0Mjg=] 2018-02-02 23:49:23,545 : Wrote 0 leases to leases file.
SessionID[MjE0Mjg=] 2018-02-02 23:49:23,577 : 
SessionID[MjE0Mjg=] 2018-02-02 23:49:23,577 : No subnet declaration for wlan0 (172.16.0.1).
SessionID[MjE0Mjg=] 2018-02-02 23:49:23,577 : ** Ignoring requests on wlan0.  If this is not what
SessionID[MjE0Mjg=] 2018-02-02 23:49:23,577 :    you want, please write a subnet declaration
SessionID[MjE0Mjg=] 2018-02-02 23:49:23,577 :    in your dhcpd.conf file for the network segment
SessionID[MjE0Mjg=] 2018-02-02 23:49:23,577 :    to which interface wlan0 is attached. **
SessionID[MjE0Mjg=] 2018-02-02 23:49:23,578 : 
SessionID[MjE0Mjg=] 2018-02-02 23:49:23,578 : 
SessionID[MjE0Mjg=] 2018-02-02 23:49:23,578 : Not configured to listen on any interfaces!
SessionID[MjE0Mjg=] 2018-02-02 23:49:23,578 : 
SessionID[MjE0Mjg=] 2018-02-02 23:49:23,578 : If you think you have received this message due to a bug rather
SessionID[MjE0Mjg=] 2018-02-02 23:49:23,578 : than a configuration issue please read the section on submitting
SessionID[MjE0Mjg=] 2018-02-02 23:49:23,578 : bugs on either our web page at www.isc.org or in the README file
SessionID[MjE0Mjg=] 2018-02-02 23:49:23,578 : before submitting a bug.  These pages explain the proper
SessionID[MjE0Mjg=] 2018-02-02 23:49:23,579 : process and the information we find helpful for debugging..
SessionID[MjE0Mjg=] 2018-02-02 23:49:23,579 : 
SessionID[MjE0Mjg=] 2018-02-02 23:49:23,579 : exiting.
SessionID[MjA3NjI=] 2018-02-02 23:56:25,243 : ---[ Start DHCP Fri Feb  2 23:56:25 2018]---
SessionID[MjA3NjI=] 2018-02-02 23:56:25,246 : Internet Systems Consortium DHCP Server 4.3.5
SessionID[MjA3NjI=] 2018-02-02 23:56:25,246 : Copyright 2004-2016 Internet Systems Consortium.
SessionID[MjA3NjI=] 2018-02-02 23:56:25,246 : All rights reserved.
SessionID[MjA3NjI=] 2018-02-02 23:56:25,246 : For info, please visit https://www.isc.org/software/dhcp/
SessionID[MjA3NjI=] 2018-02-02 23:56:25,250 : Config file: /etc/dhcp/dhcpd.conf
SessionID[MjA3NjI=] 2018-02-02 23:56:25,251 : Database file: /var/lib/dhcp/dhcpd.leases
SessionID[MjA3NjI=] 2018-02-02 23:56:25,251 : PID file: /var/run/dhcpd.pid
SessionID[MjA3NjI=] 2018-02-02 23:56:25,251 : Wrote 0 leases to leases file.
SessionID[MjA3NjI=] 2018-02-02 23:56:25,281 : 
SessionID[MjA3NjI=] 2018-02-02 23:56:25,282 : No subnet declaration for wlan0 (172.16.0.1).
SessionID[MjA3NjI=] 2018-02-02 23:56:25,282 : ** Ignoring requests on wlan0.  If this is not what
SessionID[MjA3NjI=] 2018-02-02 23:56:25,282 :    you want, please write a subnet declaration
SessionID[MjA3NjI=] 2018-02-02 23:56:25,282 :    in your dhcpd.conf file for the network segment
SessionID[MjA3NjI=] 2018-02-02 23:56:25,282 :    to which interface wlan0 is attached. **
SessionID[MjA3NjI=] 2018-02-02 23:56:25,282 : 
SessionID[MjA3NjI=] 2018-02-02 23:56:25,282 : 
SessionID[MjA3NjI=] 2018-02-02 23:56:25,282 : Not configured to listen on any interfaces!
SessionID[MjA3NjI=] 2018-02-02 23:56:25,282 : 
SessionID[MjA3NjI=] 2018-02-02 23:56:25,282 : If you think you have received this message due to a bug rather
SessionID[MjA3NjI=] 2018-02-02 23:56:25,282 : than a configuration issue please read the section on submitting
SessionID[MjA3NjI=] 2018-02-02 23:56:25,282 : bugs on either our web page at www.isc.org or in the README file
SessionID[MjA3NjI=] 2018-02-02 23:56:25,282 : before submitting a bug.  These pages explain the proper
SessionID[MjA3NjI=] 2018-02-02 23:56:25,282 : process and the information we find helpful for debugging..
SessionID[MjA3NjI=] 2018-02-02 23:56:25,282 : 
SessionID[MjA3NjI=] 2018-02-02 23:56:25,283 : exiting.
SessionID[ODQxNTg=] 2018-02-02 23:56:51,173 : ---[ Start DHCP Fri Feb  2 23:56:51 2018]---
SessionID[ODQxNTg=] 2018-02-02 23:56:51,177 : Internet Systems Consortium DHCP Server 4.3.5
SessionID[ODQxNTg=] 2018-02-02 23:56:51,177 : Copyright 2004-2016 Internet Systems Consortium.
SessionID[ODQxNTg=] 2018-02-02 23:56:51,177 : All rights reserved.
SessionID[ODQxNTg=] 2018-02-02 23:56:51,177 : For info, please visit https://www.isc.org/software/dhcp/
SessionID[ODQxNTg=] 2018-02-02 23:56:51,182 : Config file: /etc/dhcp/dhcpd.conf
SessionID[ODQxNTg=] 2018-02-02 23:56:51,182 : Database file: /var/lib/dhcp/dhcpd.leases
SessionID[ODQxNTg=] 2018-02-02 23:56:51,183 : PID file: /var/run/dhcpd.pid
SessionID[ODQxNTg=] 2018-02-02 23:56:51,183 : Wrote 0 leases to leases file.
SessionID[ODQxNTg=] 2018-02-02 23:56:51,219 : 
SessionID[ODQxNTg=] 2018-02-02 23:56:51,219 : No subnet declaration for wlan0 (172.16.0.1).
SessionID[ODQxNTg=] 2018-02-02 23:56:51,219 : ** Ignoring requests on wlan0.  If this is not what
SessionID[ODQxNTg=] 2018-02-02 23:56:51,219 :    you want, please write a subnet declaration
SessionID[ODQxNTg=] 2018-02-02 23:56:51,219 :    in your dhcpd.conf file for the network segment
SessionID[ODQxNTg=] 2018-02-02 23:56:51,219 :    to which interface wlan0 is attached. **
SessionID[ODQxNTg=] 2018-02-02 23:56:51,219 : 
SessionID[ODQxNTg=] 2018-02-02 23:56:51,219 : 
SessionID[ODQxNTg=] 2018-02-02 23:56:51,220 : Not configured to listen on any interfaces!
SessionID[ODQxNTg=] 2018-02-02 23:56:51,220 : 
SessionID[ODQxNTg=] 2018-02-02 23:56:51,220 : If you think you have received this message due to a bug rather
SessionID[ODQxNTg=] 2018-02-02 23:56:51,220 : than a configuration issue please read the section on submitting
SessionID[ODQxNTg=] 2018-02-02 23:56:51,220 : bugs on either our web page at www.isc.org or in the README file
SessionID[ODQxNTg=] 2018-02-02 23:56:51,220 : before submitting a bug.  These pages explain the proper
SessionID[ODQxNTg=] 2018-02-02 23:56:51,220 : process and the information we find helpful for debugging..
SessionID[ODQxNTg=] 2018-02-02 23:56:51,220 : 
SessionID[ODQxNTg=] 2018-02-02 23:56:51,220 : exiting.
SessionID[NjM1NjI=] 2018-02-05 19:54:35,405 : ---[ Start DHCP Mon Feb  5 19:54:35 2018]---
SessionID[NjM1NjI=] 2018-02-05 19:54:35,592 : Internet Systems Consortium DHCP Server 4.3.5
SessionID[NjM1NjI=] 2018-02-05 19:54:35,593 : Copyright 2004-2016 Internet Systems Consortium.
SessionID[NjM1NjI=] 2018-02-05 19:54:35,593 : All rights reserved.
SessionID[NjM1NjI=] 2018-02-05 19:54:35,593 : For info, please visit https://www.isc.org/software/dhcp/
SessionID[NjM1NjI=] 2018-02-05 19:54:35,617 : Config file: /etc/dhcp/dhcpd.conf
SessionID[NjM1NjI=] 2018-02-05 19:54:35,618 : Database file: /var/lib/dhcp/dhcpd.leases
SessionID[NjM1NjI=] 2018-02-05 19:54:35,618 : PID file: /var/run/dhcpd.pid
SessionID[NjM1NjI=] 2018-02-05 19:54:35,618 : Wrote 0 leases to leases file.
SessionID[NjM1NjI=] 2018-02-05 19:54:35,653 : 
SessionID[NjM1NjI=] 2018-02-05 19:54:35,653 : No subnet declaration for wlan0 (172.16.0.1).
SessionID[NjM1NjI=] 2018-02-05 19:54:35,653 : ** Ignoring requests on wlan0.  If this is not what
SessionID[NjM1NjI=] 2018-02-05 19:54:35,653 :    you want, please write a subnet declaration
SessionID[NjM1NjI=] 2018-02-05 19:54:35,653 :    in your dhcpd.conf file for the network segment
SessionID[NjM1NjI=] 2018-02-05 19:54:35,653 :    to which interface wlan0 is attached. **
SessionID[NjM1NjI=] 2018-02-05 19:54:35,653 : 
SessionID[NjM1NjI=] 2018-02-05 19:54:35,654 : 
SessionID[NjM1NjI=] 2018-02-05 19:54:35,654 : Not configured to listen on any interfaces!
SessionID[NjM1NjI=] 2018-02-05 19:54:35,654 : 
SessionID[NjM1NjI=] 2018-02-05 19:54:35,654 : If you think you have received this message due to a bug rather
SessionID[NjM1NjI=] 2018-02-05 19:54:35,654 : than a configuration issue please read the section on submitting
SessionID[NjM1NjI=] 2018-02-05 19:54:35,654 : bugs on either our web page at www.isc.org or in the README file
SessionID[NjM1NjI=] 2018-02-05 19:54:35,654 : before submitting a bug.  These pages explain the proper
SessionID[NjM1NjI=] 2018-02-05 19:54:35,654 : process and the information we find helpful for debugging..
SessionID[NjM1NjI=] 2018-02-05 19:54:35,654 : 
SessionID[NjM1NjI=] 2018-02-05 19:54:35,655 : exiting.
SessionID[NjU3MzE=] 2018-02-05 20:02:22,928 : ---[ Start DHCP Mon Feb  5 20:02:22 2018]---
SessionID[NjU3MzE=] 2018-02-05 20:02:22,933 : Internet Systems Consortium DHCP Server 4.3.5
SessionID[NjU3MzE=] 2018-02-05 20:02:22,933 : Copyright 2004-2016 Internet Systems Consortium.
SessionID[NjU3MzE=] 2018-02-05 20:02:22,933 : All rights reserved.
SessionID[NjU3MzE=] 2018-02-05 20:02:22,933 : For info, please visit https://www.isc.org/software/dhcp/
SessionID[NjU3MzE=] 2018-02-05 20:02:22,937 : Config file: /etc/dhcp/dhcpd.conf
SessionID[NjU3MzE=] 2018-02-05 20:02:22,937 : Database file: /var/lib/dhcp/dhcpd.leases
SessionID[NjU3MzE=] 2018-02-05 20:02:22,937 : PID file: /var/run/dhcpd.pid
SessionID[NjU3MzE=] 2018-02-05 20:02:22,937 : Wrote 0 leases to leases file.
SessionID[NjU3MzE=] 2018-02-05 20:02:22,967 : 
SessionID[NjU3MzE=] 2018-02-05 20:02:22,967 : No subnet declaration for wlan0 (172.16.0.1).
SessionID[NjU3MzE=] 2018-02-05 20:02:22,967 : ** Ignoring requests on wlan0.  If this is not what
SessionID[NjU3MzE=] 2018-02-05 20:02:22,967 :    you want, please write a subnet declaration
SessionID[NjU3MzE=] 2018-02-05 20:02:22,967 :    in your dhcpd.conf file for the network segment
SessionID[NjU3MzE=] 2018-02-05 20:02:22,967 :    to which interface wlan0 is attached. **
SessionID[NjU3MzE=] 2018-02-05 20:02:22,967 : 
SessionID[NjU3MzE=] 2018-02-05 20:02:22,968 : 
SessionID[NjU3MzE=] 2018-02-05 20:02:22,968 : Not configured to listen on any interfaces!
SessionID[NjU3MzE=] 2018-02-05 20:02:22,968 : 
SessionID[NjU3MzE=] 2018-02-05 20:02:22,968 : If you think you have received this message due to a bug rather
SessionID[NjU3MzE=] 2018-02-05 20:02:22,968 : than a configuration issue please read the section on submitting
SessionID[NjU3MzE=] 2018-02-05 20:02:22,968 : bugs on either our web page at www.isc.org or in the README file
SessionID[NjU3MzE=] 2018-02-05 20:02:22,968 : before submitting a bug.  These pages explain the proper
SessionID[NjU3MzE=] 2018-02-05 20:02:22,968 : process and the information we find helpful for debugging..
SessionID[NjU3MzE=] 2018-02-05 20:02:22,968 : 
SessionID[NjU3MzE=] 2018-02-05 20:02:22,969 : exiting.
SessionID[NjU3MzE=] 2018-02-05 20:02:46,179 : ---[ Start DHCP Mon Feb  5 20:02:46 2018]---
SessionID[NTU3MTU=] 2018-02-05 20:02:46,179 : ---[ Start DHCP Mon Feb  5 20:02:46 2018]---
SessionID[NjU3MzE=] 2018-02-05 20:02:46,185 : Internet Systems Consortium DHCP Server 4.3.5
SessionID[NTU3MTU=] 2018-02-05 20:02:46,185 : Internet Systems Consortium DHCP Server 4.3.5
SessionID[NjU3MzE=] 2018-02-05 20:02:46,185 : Copyright 2004-2016 Internet Systems Consortium.
SessionID[NTU3MTU=] 2018-02-05 20:02:46,185 : Copyright 2004-2016 Internet Systems Consortium.
SessionID[NjU3MzE=] 2018-02-05 20:02:46,185 : All rights reserved.
SessionID[NTU3MTU=] 2018-02-05 20:02:46,185 : All rights reserved.
SessionID[NjU3MzE=] 2018-02-05 20:02:46,185 : For info, please visit https://www.isc.org/software/dhcp/
SessionID[NTU3MTU=] 2018-02-05 20:02:46,185 : For info, please visit https://www.isc.org/software/dhcp/
SessionID[NjU3MzE=] 2018-02-05 20:02:46,188 : Config file: /etc/dhcp/dhcpd.conf
SessionID[NTU3MTU=] 2018-02-05 20:02:46,188 : Config file: /etc/dhcp/dhcpd.conf
SessionID[NjU3MzE=] 2018-02-05 20:02:46,188 : Database file: /var/lib/dhcp/dhcpd.leases
SessionID[NTU3MTU=] 2018-02-05 20:02:46,188 : Database file: /var/lib/dhcp/dhcpd.leases
SessionID[NjU3MzE=] 2018-02-05 20:02:46,189 : PID file: /var/run/dhcpd.pid
SessionID[NTU3MTU=] 2018-02-05 20:02:46,189 : PID file: /var/run/dhcpd.pid
SessionID[NjU3MzE=] 2018-02-05 20:02:46,189 : Wrote 0 leases to leases file.
SessionID[NTU3MTU=] 2018-02-05 20:02:46,189 : Wrote 0 leases to leases file.
SessionID[NjU3MzE=] 2018-02-05 20:02:46,225 : 
SessionID[NTU3MTU=] 2018-02-05 20:02:46,225 : 
SessionID[NjU3MzE=] 2018-02-05 20:02:46,225 : No subnet declaration for wlan0 (172.16.0.1).
SessionID[NTU3MTU=] 2018-02-05 20:02:46,225 : No subnet declaration for wlan0 (172.16.0.1).
SessionID[NjU3MzE=] 2018-02-05 20:02:46,225 : ** Ignoring requests on wlan0.  If this is not what
SessionID[NTU3MTU=] 2018-02-05 20:02:46,225 : ** Ignoring requests on wlan0.  If this is not what
SessionID[NjU3MzE=] 2018-02-05 20:02:46,225 :    you want, please write a subnet declaration
SessionID[NTU3MTU=] 2018-02-05 20:02:46,225 :    you want, please write a subnet declaration
SessionID[NjU3MzE=] 2018-02-05 20:02:46,225 :    in your dhcpd.conf file for the network segment
SessionID[NTU3MTU=] 2018-02-05 20:02:46,225 :    in your dhcpd.conf file for the network segment
SessionID[NjU3MzE=] 2018-02-05 20:02:46,226 :    to which interface wlan0 is attached. **
SessionID[NTU3MTU=] 2018-02-05 20:02:46,226 :    to which interface wlan0 is attached. **
SessionID[NjU3MzE=] 2018-02-05 20:02:46,226 : 
SessionID[NTU3MTU=] 2018-02-05 20:02:46,226 : 
SessionID[NjU3MzE=] 2018-02-05 20:02:46,226 : 
SessionID[NTU3MTU=] 2018-02-05 20:02:46,226 : 
SessionID[NjU3MzE=] 2018-02-05 20:02:46,226 : Not configured to listen on any interfaces!
SessionID[NTU3MTU=] 2018-02-05 20:02:46,226 : Not configured to listen on any interfaces!
SessionID[NjU3MzE=] 2018-02-05 20:02:46,226 : 
SessionID[NTU3MTU=] 2018-02-05 20:02:46,226 : 
SessionID[NjU3MzE=] 2018-02-05 20:02:46,226 : If you think you have received this message due to a bug rather
SessionID[NTU3MTU=] 2018-02-05 20:02:46,226 : If you think you have received this message due to a bug rather
SessionID[NjU3MzE=] 2018-02-05 20:02:46,226 : than a configuration issue please read the section on submitting
SessionID[NTU3MTU=] 2018-02-05 20:02:46,226 : than a configuration issue please read the section on submitting
SessionID[NjU3MzE=] 2018-02-05 20:02:46,226 : bugs on either our web page at www.isc.org or in the README file
SessionID[NTU3MTU=] 2018-02-05 20:02:46,226 : bugs on either our web page at www.isc.org or in the README file
SessionID[NjU3MzE=] 2018-02-05 20:02:46,227 : before submitting a bug.  These pages explain the proper
SessionID[NTU3MTU=] 2018-02-05 20:02:46,227 : before submitting a bug.  These pages explain the proper
SessionID[NjU3MzE=] 2018-02-05 20:02:46,227 : process and the information we find helpful for debugging..
SessionID[NTU3MTU=] 2018-02-05 20:02:46,227 : process and the information we find helpful for debugging..
SessionID[NjU3MzE=] 2018-02-05 20:02:46,227 : 
SessionID[NTU3MTU=] 2018-02-05 20:02:46,227 : 
SessionID[NjU3MzE=] 2018-02-05 20:02:46,227 : exiting.
SessionID[NTU3MTU=] 2018-02-05 20:02:46,227 : exiting.
SessionID[NzY5Ng==] 2018-02-05 20:22:18,273 : ---[ Start DHCP Mon Feb  5 20:22:18 2018]---
SessionID[NzY5Ng==] 2018-02-05 20:22:18,276 : Internet Systems Consortium DHCP Server 4.3.5
SessionID[NzY5Ng==] 2018-02-05 20:22:18,276 : Copyright 2004-2016 Internet Systems Consortium.
SessionID[NzY5Ng==] 2018-02-05 20:22:18,276 : All rights reserved.
SessionID[NzY5Ng==] 2018-02-05 20:22:18,276 : For info, please visit https://www.isc.org/software/dhcp/
SessionID[NzY5Ng==] 2018-02-05 20:22:18,280 : Config file: /etc/dhcp/dhcpd.conf
SessionID[NzY5Ng==] 2018-02-05 20:22:18,280 : Database file: /var/lib/dhcp/dhcpd.leases
SessionID[NzY5Ng==] 2018-02-05 20:22:18,280 : PID file: /var/run/dhcpd.pid
SessionID[NzY5Ng==] 2018-02-05 20:22:18,280 : Wrote 0 leases to leases file.
SessionID[NzY5Ng==] 2018-02-05 20:22:18,312 : 
SessionID[NzY5Ng==] 2018-02-05 20:22:18,312 : No subnet declaration for wlan0 (172.16.0.1).
SessionID[NzY5Ng==] 2018-02-05 20:22:18,312 : ** Ignoring requests on wlan0.  If this is not what
SessionID[NzY5Ng==] 2018-02-05 20:22:18,312 :    you want, please write a subnet declaration
SessionID[NzY5Ng==] 2018-02-05 20:22:18,312 :    in your dhcpd.conf file for the network segment
SessionID[NzY5Ng==] 2018-02-05 20:22:18,313 :    to which interface wlan0 is attached. **
SessionID[NzY5Ng==] 2018-02-05 20:22:18,313 : 
SessionID[NzY5Ng==] 2018-02-05 20:22:18,313 : 
SessionID[NzY5Ng==] 2018-02-05 20:22:18,313 : Not configured to listen on any interfaces!
SessionID[NzY5Ng==] 2018-02-05 20:22:18,313 : 
SessionID[NzY5Ng==] 2018-02-05 20:22:18,313 : If you think you have received this message due to a bug rather
SessionID[NzY5Ng==] 2018-02-05 20:22:18,314 : than a configuration issue please read the section on submitting
SessionID[NzY5Ng==] 2018-02-05 20:22:18,314 : bugs on either our web page at www.isc.org or in the README file
SessionID[NzY5Ng==] 2018-02-05 20:22:18,314 : before submitting a bug.  These pages explain the proper
SessionID[NzY5Ng==] 2018-02-05 20:22:18,314 : process and the information we find helpful for debugging..
SessionID[NzY5Ng==] 2018-02-05 20:22:18,314 : 
SessionID[NzY5Ng==] 2018-02-05 20:22:18,314 : exiting.
SessionID[ODk5MTM=] 2018-02-05 20:24:08,548 : ---[ Start DHCP Mon Feb  5 20:24:08 2018]---
SessionID[ODk5MTM=] 2018-02-05 20:24:08,553 : Internet Systems Consortium DHCP Server 4.3.5
SessionID[ODk5MTM=] 2018-02-05 20:24:08,553 : Copyright 2004-2016 Internet Systems Consortium.
SessionID[ODk5MTM=] 2018-02-05 20:24:08,553 : All rights reserved.
SessionID[ODk5MTM=] 2018-02-05 20:24:08,553 : For info, please visit https://www.isc.org/software/dhcp/
SessionID[ODk5MTM=] 2018-02-05 20:24:08,556 : Config file: /etc/dhcp/dhcpd.conf
SessionID[ODk5MTM=] 2018-02-05 20:24:08,557 : Database file: /var/lib/dhcp/dhcpd.leases
SessionID[ODk5MTM=] 2018-02-05 20:24:08,557 : PID file: /var/run/dhcpd.pid
SessionID[ODk5MTM=] 2018-02-05 20:24:08,557 : Wrote 0 leases to leases file.
SessionID[ODk5MTM=] 2018-02-05 20:24:08,587 : 
SessionID[ODk5MTM=] 2018-02-05 20:24:08,587 : No subnet declaration for wlan0 (172.16.0.1).
SessionID[ODk5MTM=] 2018-02-05 20:24:08,587 : ** Ignoring requests on wlan0.  If this is not what
SessionID[ODk5MTM=] 2018-02-05 20:24:08,588 :    you want, please write a subnet declaration
SessionID[ODk5MTM=] 2018-02-05 20:24:08,588 :    in your dhcpd.conf file for the network segment
SessionID[ODk5MTM=] 2018-02-05 20:24:08,588 :    to which interface wlan0 is attached. **
SessionID[ODk5MTM=] 2018-02-05 20:24:08,588 : 
SessionID[ODk5MTM=] 2018-02-05 20:24:08,588 : 
SessionID[ODk5MTM=] 2018-02-05 20:24:08,589 : Not configured to listen on any interfaces!
SessionID[ODk5MTM=] 2018-02-05 20:24:08,589 : 
SessionID[ODk5MTM=] 2018-02-05 20:24:08,589 : If you think you have received this message due to a bug rather
SessionID[ODk5MTM=] 2018-02-05 20:24:08,589 : than a configuration issue please read the section on submitting
SessionID[ODk5MTM=] 2018-02-05 20:24:08,589 : bugs on either our web page at www.isc.org or in the README file
SessionID[ODk5MTM=] 2018-02-05 20:24:08,589 : before submitting a bug.  These pages explain the proper
SessionID[ODk5MTM=] 2018-02-05 20:24:08,590 : process and the information we find helpful for debugging..
SessionID[ODk5MTM=] 2018-02-05 20:24:08,590 : 
SessionID[ODk5MTM=] 2018-02-05 20:24:08,590 : exiting.
SessionID[NTM0MzM=] 2018-02-12 18:17:14,619 : ---[ Start DHCP Mon Feb 12 18:17:14 2018]---
SessionID[NTM0MzM=] 2018-02-12 18:17:14,851 : Internet Systems Consortium DHCP Server 4.3.5
SessionID[NTM0MzM=] 2018-02-12 18:17:14,851 : Copyright 2004-2016 Internet Systems Consortium.
SessionID[NTM0MzM=] 2018-02-12 18:17:14,851 : All rights reserved.
SessionID[NTM0MzM=] 2018-02-12 18:17:14,851 : For info, please visit https://www.isc.org/software/dhcp/
SessionID[NTM0MzM=] 2018-02-12 18:17:14,899 : Config file: /etc/dhcp/dhcpd.conf
SessionID[NTM0MzM=] 2018-02-12 18:17:14,900 : Database file: /var/lib/dhcp/dhcpd.leases
SessionID[NTM0MzM=] 2018-02-12 18:17:14,900 : PID file: /var/run/dhcpd.pid
SessionID[NTM0MzM=] 2018-02-12 18:17:14,900 : Wrote 0 leases to leases file.
SessionID[NTM0MzM=] 2018-02-12 18:17:14,943 : 
SessionID[NTM0MzM=] 2018-02-12 18:17:14,943 : No subnet declaration for wlan0 (172.16.0.1).
SessionID[NTM0MzM=] 2018-02-12 18:17:14,943 : ** Ignoring requests on wlan0.  If this is not what
SessionID[NTM0MzM=] 2018-02-12 18:17:14,943 :    you want, please write a subnet declaration
SessionID[NTM0MzM=] 2018-02-12 18:17:14,943 :    in your dhcpd.conf file for the network segment
SessionID[NTM0MzM=] 2018-02-12 18:17:14,944 :    to which interface wlan0 is attached. **
SessionID[NTM0MzM=] 2018-02-12 18:17:14,944 : 
SessionID[NTM0MzM=] 2018-02-12 18:17:14,944 : 
SessionID[NTM0MzM=] 2018-02-12 18:17:14,944 : Not configured to listen on any interfaces!
SessionID[NTM0MzM=] 2018-02-12 18:17:14,944 : 
SessionID[NTM0MzM=] 2018-02-12 18:17:14,944 : If you think you have received this message due to a bug rather
SessionID[NTM0MzM=] 2018-02-12 18:17:14,944 : than a configuration issue please read the section on submitting
SessionID[NTM0MzM=] 2018-02-12 18:17:14,944 : bugs on either our web page at www.isc.org or in the README file
SessionID[NTM0MzM=] 2018-02-12 18:17:14,944 : before submitting a bug.  These pages explain the proper
SessionID[NTM0MzM=] 2018-02-12 18:17:14,944 : process and the information we find helpful for debugging..
SessionID[NTM0MzM=] 2018-02-12 18:17:14,944 : 
SessionID[NTM0MzM=] 2018-02-12 18:17:14,944 : exiting.
SessionID[NTM0MzM=] 2018-02-12 18:17:29,331 : ---[ Start DHCP Mon Feb 12 18:17:29 2018]---
SessionID[MzU2NjU=] 2018-02-12 18:17:29,331 : ---[ Start DHCP Mon Feb 12 18:17:29 2018]---
SessionID[NTM0MzM=] 2018-02-12 18:17:29,336 : Internet Systems Consortium DHCP Server 4.3.5
SessionID[MzU2NjU=] 2018-02-12 18:17:29,336 : Internet Systems Consortium DHCP Server 4.3.5
SessionID[NTM0MzM=] 2018-02-12 18:17:29,337 : Copyright 2004-2016 Internet Systems Consortium.
SessionID[MzU2NjU=] 2018-02-12 18:17:29,337 : Copyright 2004-2016 Internet Systems Consortium.
SessionID[NTM0MzM=] 2018-02-12 18:17:29,337 : All rights reserved.
SessionID[MzU2NjU=] 2018-02-12 18:17:29,337 : All rights reserved.
SessionID[NTM0MzM=] 2018-02-12 18:17:29,337 : For info, please visit https://www.isc.org/software/dhcp/
SessionID[MzU2NjU=] 2018-02-12 18:17:29,337 : For info, please visit https://www.isc.org/software/dhcp/
SessionID[NTM0MzM=] 2018-02-12 18:17:29,340 : Config file: /etc/dhcp/dhcpd.conf
SessionID[MzU2NjU=] 2018-02-12 18:17:29,340 : Config file: /etc/dhcp/dhcpd.conf
SessionID[NTM0MzM=] 2018-02-12 18:17:29,340 : Database file: /var/lib/dhcp/dhcpd.leases
SessionID[MzU2NjU=] 2018-02-12 18:17:29,340 : Database file: /var/lib/dhcp/dhcpd.leases
SessionID[NTM0MzM=] 2018-02-12 18:17:29,340 : PID file: /var/run/dhcpd.pid
SessionID[MzU2NjU=] 2018-02-12 18:17:29,340 : PID file: /var/run/dhcpd.pid
SessionID[NTM0MzM=] 2018-02-12 18:17:29,341 : Wrote 0 leases to leases file.
SessionID[MzU2NjU=] 2018-02-12 18:17:29,341 : Wrote 0 leases to leases file.
SessionID[NTM0MzM=] 2018-02-12 18:17:29,380 : 
SessionID[MzU2NjU=] 2018-02-12 18:17:29,380 : 
SessionID[NTM0MzM=] 2018-02-12 18:17:29,381 : No subnet declaration for wlan0 (172.16.0.1).
SessionID[MzU2NjU=] 2018-02-12 18:17:29,381 : No subnet declaration for wlan0 (172.16.0.1).
SessionID[NTM0MzM=] 2018-02-12 18:17:29,381 : ** Ignoring requests on wlan0.  If this is not what
SessionID[MzU2NjU=] 2018-02-12 18:17:29,381 : ** Ignoring requests on wlan0.  If this is not what
SessionID[NTM0MzM=] 2018-02-12 18:17:29,381 :    you want, please write a subnet declaration
SessionID[MzU2NjU=] 2018-02-12 18:17:29,381 :    you want, please write a subnet declaration
SessionID[NTM0MzM=] 2018-02-12 18:17:29,381 :    in your dhcpd.conf file for the network segment
SessionID[MzU2NjU=] 2018-02-12 18:17:29,381 :    in your dhcpd.conf file for the network segment
SessionID[NTM0MzM=] 2018-02-12 18:17:29,381 :    to which interface wlan0 is attached. **
SessionID[MzU2NjU=] 2018-02-12 18:17:29,381 :    to which interface wlan0 is attached. **
SessionID[NTM0MzM=] 2018-02-12 18:17:29,381 : 
SessionID[MzU2NjU=] 2018-02-12 18:17:29,381 : 
SessionID[NTM0MzM=] 2018-02-12 18:17:29,381 : 
SessionID[MzU2NjU=] 2018-02-12 18:17:29,381 : 
SessionID[NTM0MzM=] 2018-02-12 18:17:29,382 : Not configured to listen on any interfaces!
SessionID[MzU2NjU=] 2018-02-12 18:17:29,382 : Not configured to listen on any interfaces!
SessionID[NTM0MzM=] 2018-02-12 18:17:29,382 : 
SessionID[MzU2NjU=] 2018-02-12 18:17:29,382 : 
SessionID[NTM0MzM=] 2018-02-12 18:17:29,382 : If you think you have received this message due to a bug rather
SessionID[MzU2NjU=] 2018-02-12 18:17:29,382 : If you think you have received this message due to a bug rather
SessionID[NTM0MzM=] 2018-02-12 18:17:29,382 : than a configuration issue please read the section on submitting
SessionID[MzU2NjU=] 2018-02-12 18:17:29,382 : than a configuration issue please read the section on submitting
SessionID[NTM0MzM=] 2018-02-12 18:17:29,382 : bugs on either our web page at www.isc.org or in the README file
SessionID[MzU2NjU=] 2018-02-12 18:17:29,382 : bugs on either our web page at www.isc.org or in the README file
SessionID[NTM0MzM=] 2018-02-12 18:17:29,382 : before submitting a bug.  These pages explain the proper
SessionID[MzU2NjU=] 2018-02-12 18:17:29,382 : before submitting a bug.  These pages explain the proper
SessionID[NTM0MzM=] 2018-02-12 18:17:29,382 : process and the information we find helpful for debugging..
SessionID[MzU2NjU=] 2018-02-12 18:17:29,382 : process and the information we find helpful for debugging..
SessionID[NTM0MzM=] 2018-02-12 18:17:29,382 : 
SessionID[MzU2NjU=] 2018-02-12 18:17:29,382 : 
SessionID[NTM0MzM=] 2018-02-12 18:17:29,382 : exiting.
SessionID[MzU2NjU=] 2018-02-12 18:17:29,382 : exiting.
SessionID[NTM0MzM=] 2018-02-12 18:17:58,026 : ---[ Start DHCP Mon Feb 12 18:17:58 2018]---
SessionID[MzU2NjU=] 2018-02-12 18:17:58,026 : ---[ Start DHCP Mon Feb 12 18:17:58 2018]---
SessionID[OTEzNzE=] 2018-02-12 18:17:58,026 : ---[ Start DHCP Mon Feb 12 18:17:58 2018]---
SessionID[NTM0MzM=] 2018-02-12 18:17:58,032 : Internet Systems Consortium DHCP Server 4.3.5
SessionID[MzU2NjU=] 2018-02-12 18:17:58,032 : Internet Systems Consortium DHCP Server 4.3.5
SessionID[OTEzNzE=] 2018-02-12 18:17:58,032 : Internet Systems Consortium DHCP Server 4.3.5
SessionID[NTM0MzM=] 2018-02-12 18:17:58,032 : Copyright 2004-2016 Internet Systems Consortium.
SessionID[MzU2NjU=] 2018-02-12 18:17:58,032 : Copyright 2004-2016 Internet Systems Consortium.
SessionID[OTEzNzE=] 2018-02-12 18:17:58,032 : Copyright 2004-2016 Internet Systems Consortium.
SessionID[NTM0MzM=] 2018-02-12 18:17:58,033 : All rights reserved.
SessionID[MzU2NjU=] 2018-02-12 18:17:58,033 : All rights reserved.
SessionID[OTEzNzE=] 2018-02-12 18:17:58,033 : All rights reserved.
SessionID[NTM0MzM=] 2018-02-12 18:17:58,033 : For info, please visit https://www.isc.org/software/dhcp/
SessionID[MzU2NjU=] 2018-02-12 18:17:58,033 : For info, please visit https://www.isc.org/software/dhcp/
SessionID[OTEzNzE=] 2018-02-12 18:17:58,033 : For info, please visit https://www.isc.org/software/dhcp/
SessionID[NTM0MzM=] 2018-02-12 18:17:58,036 : Config file: /etc/dhcp/dhcpd.conf
SessionID[MzU2NjU=] 2018-02-12 18:17:58,036 : Config file: /etc/dhcp/dhcpd.conf
SessionID[OTEzNzE=] 2018-02-12 18:17:58,036 : Config file: /etc/dhcp/dhcpd.conf
SessionID[NTM0MzM=] 2018-02-12 18:17:58,036 : Database file: /var/lib/dhcp/dhcpd.leases
SessionID[MzU2NjU=] 2018-02-12 18:17:58,036 : Database file: /var/lib/dhcp/dhcpd.leases
SessionID[OTEzNzE=] 2018-02-12 18:17:58,036 : Database file: /var/lib/dhcp/dhcpd.leases
SessionID[NTM0MzM=] 2018-02-12 18:17:58,036 : PID file: /var/run/dhcpd.pid
SessionID[MzU2NjU=] 2018-02-12 18:17:58,036 : PID file: /var/run/dhcpd.pid
SessionID[OTEzNzE=] 2018-02-12 18:17:58,036 : PID file: /var/run/dhcpd.pid
SessionID[NTM0MzM=] 2018-02-12 18:17:58,036 : Wrote 0 leases to leases file.
SessionID[MzU2NjU=] 2018-02-12 18:17:58,036 : Wrote 0 leases to leases file.
SessionID[OTEzNzE=] 2018-02-12 18:17:58,036 : Wrote 0 leases to leases file.
SessionID[NTM0MzM=] 2018-02-12 18:17:58,094 : 
SessionID[MzU2NjU=] 2018-02-12 18:17:58,094 : 
SessionID[OTEzNzE=] 2018-02-12 18:17:58,094 : 
SessionID[NTM0MzM=] 2018-02-12 18:17:58,095 : No subnet declaration for wlan0 (172.16.0.1).
SessionID[MzU2NjU=] 2018-02-12 18:17:58,095 : No subnet declaration for wlan0 (172.16.0.1).
SessionID[OTEzNzE=] 2018-02-12 18:17:58,095 : No subnet declaration for wlan0 (172.16.0.1).
SessionID[NTM0MzM=] 2018-02-12 18:17:58,095 : ** Ignoring requests on wlan0.  If this is not what
SessionID[MzU2NjU=] 2018-02-12 18:17:58,095 : ** Ignoring requests on wlan0.  If this is not what
SessionID[OTEzNzE=] 2018-02-12 18:17:58,095 : ** Ignoring requests on wlan0.  If this is not what
SessionID[NTM0MzM=] 2018-02-12 18:17:58,095 :    you want, please write a subnet declaration
SessionID[MzU2NjU=] 2018-02-12 18:17:58,095 :    you want, please write a subnet declaration
SessionID[OTEzNzE=] 2018-02-12 18:17:58,095 :    you want, please write a subnet declaration
SessionID[NTM0MzM=] 2018-02-12 18:17:58,095 :    in your dhcpd.conf file for the network segment
SessionID[MzU2NjU=] 2018-02-12 18:17:58,095 :    in your dhcpd.conf file for the network segment
SessionID[OTEzNzE=] 2018-02-12 18:17:58,095 :    in your dhcpd.conf file for the network segment
SessionID[NTM0MzM=] 2018-02-12 18:17:58,096 :    to which interface wlan0 is attached. **
SessionID[MzU2NjU=] 2018-02-12 18:17:58,096 :    to which interface wlan0 is attached. **
SessionID[OTEzNzE=] 2018-02-12 18:17:58,096 :    to which interface wlan0 is attached. **
SessionID[NTM0MzM=] 2018-02-12 18:17:58,096 : 
SessionID[MzU2NjU=] 2018-02-12 18:17:58,096 : 
SessionID[OTEzNzE=] 2018-02-12 18:17:58,096 : 
SessionID[NTM0MzM=] 2018-02-12 18:17:58,096 : 
SessionID[MzU2NjU=] 2018-02-12 18:17:58,096 : 
SessionID[OTEzNzE=] 2018-02-12 18:17:58,096 : 
SessionID[NTM0MzM=] 2018-02-12 18:17:58,096 : Not configured to listen on any interfaces!
SessionID[MzU2NjU=] 2018-02-12 18:17:58,096 : Not configured to listen on any interfaces!
SessionID[OTEzNzE=] 2018-02-12 18:17:58,096 : Not configured to listen on any interfaces!
SessionID[NTM0MzM=] 2018-02-12 18:17:58,097 : 
SessionID[MzU2NjU=] 2018-02-12 18:17:58,097 : 
SessionID[OTEzNzE=] 2018-02-12 18:17:58,097 : 
SessionID[NTM0MzM=] 2018-02-12 18:17:58,097 : If you think you have received this message due to a bug rather
SessionID[MzU2NjU=] 2018-02-12 18:17:58,097 : If you think you have received this message due to a bug rather
SessionID[OTEzNzE=] 2018-02-12 18:17:58,097 : If you think you have received this message due to a bug rather
SessionID[NTM0MzM=] 2018-02-12 18:17:58,097 : than a configuration issue please read the section on submitting
SessionID[MzU2NjU=] 2018-02-12 18:17:58,097 : than a configuration issue please read the section on submitting
SessionID[OTEzNzE=] 2018-02-12 18:17:58,097 : than a configuration issue please read the section on submitting
SessionID[NTM0MzM=] 2018-02-12 18:17:58,098 : bugs on either our web page at www.isc.org or in the README file
SessionID[MzU2NjU=] 2018-02-12 18:17:58,098 : bugs on either our web page at www.isc.org or in the README file
SessionID[OTEzNzE=] 2018-02-12 18:17:58,098 : bugs on either our web page at www.isc.org or in the README file
SessionID[NTM0MzM=] 2018-02-12 18:17:58,098 : before submitting a bug.  These pages explain the proper
SessionID[MzU2NjU=] 2018-02-12 18:17:58,098 : before submitting a bug.  These pages explain the proper
SessionID[OTEzNzE=] 2018-02-12 18:17:58,098 : before submitting a bug.  These pages explain the proper
SessionID[NTM0MzM=] 2018-02-12 18:17:58,098 : process and the information we find helpful for debugging..
SessionID[MzU2NjU=] 2018-02-12 18:17:58,098 : process and the information we find helpful for debugging..
SessionID[OTEzNzE=] 2018-02-12 18:17:58,098 : process and the information we find helpful for debugging..
SessionID[NTM0MzM=] 2018-02-12 18:17:58,098 : 
SessionID[MzU2NjU=] 2018-02-12 18:17:58,098 : 
SessionID[OTEzNzE=] 2018-02-12 18:17:58,098 : 
SessionID[NTM0MzM=] 2018-02-12 18:17:58,099 : exiting.
SessionID[MzU2NjU=] 2018-02-12 18:17:58,099 : exiting.
SessionID[OTEzNzE=] 2018-02-12 18:17:58,099 : exiting.
SessionID[MTM5MzE=] 2018-02-12 18:47:13,271 : ---[ Start DHCP Mon Feb 12 18:47:13 2018]---
SessionID[MTM5MzE=] 2018-02-12 18:47:13,276 : Internet Systems Consortium DHCP Server 4.3.5
SessionID[MTM5MzE=] 2018-02-12 18:47:13,276 : Copyright 2004-2016 Internet Systems Consortium.
SessionID[MTM5MzE=] 2018-02-12 18:47:13,277 : All rights reserved.
SessionID[MTM5MzE=] 2018-02-12 18:47:13,277 : For info, please visit https://www.isc.org/software/dhcp/
SessionID[MTM5MzE=] 2018-02-12 18:47:13,280 : Config file: /etc/dhcp/dhcpd.conf
SessionID[MTM5MzE=] 2018-02-12 18:47:13,280 : Database file: /var/lib/dhcp/dhcpd.leases
SessionID[MTM5MzE=] 2018-02-12 18:47:13,280 : PID file: /var/run/dhcpd.pid
SessionID[MTM5MzE=] 2018-02-12 18:47:13,280 : Wrote 0 leases to leases file.
SessionID[MTM5MzE=] 2018-02-12 18:47:13,319 : 
SessionID[MTM5MzE=] 2018-02-12 18:47:13,319 : No subnet declaration for wlan0 (172.16.0.1).
SessionID[MTM5MzE=] 2018-02-12 18:47:13,319 : ** Ignoring requests on wlan0.  If this is not what
SessionID[MTM5MzE=] 2018-02-12 18:47:13,319 :    you want, please write a subnet declaration
SessionID[MTM5MzE=] 2018-02-12 18:47:13,319 :    in your dhcpd.conf file for the network segment
SessionID[MTM5MzE=] 2018-02-12 18:47:13,319 :    to which interface wlan0 is attached. **
SessionID[MTM5MzE=] 2018-02-12 18:47:13,319 : 
SessionID[MTM5MzE=] 2018-02-12 18:47:13,320 : 
SessionID[MTM5MzE=] 2018-02-12 18:47:13,320 : Not configured to listen on any interfaces!
SessionID[MTM5MzE=] 2018-02-12 18:47:13,320 : 
SessionID[MTM5MzE=] 2018-02-12 18:47:13,320 : If you think you have received this message due to a bug rather
SessionID[MTM5MzE=] 2018-02-12 18:47:13,320 : than a configuration issue please read the section on submitting
SessionID[MTM5MzE=] 2018-02-12 18:47:13,320 : bugs on either our web page at www.isc.org or in the README file
SessionID[MTM5MzE=] 2018-02-12 18:47:13,320 : before submitting a bug.  These pages explain the proper
SessionID[MTM5MzE=] 2018-02-12 18:47:13,321 : process and the information we find helpful for debugging..
SessionID[MTM5MzE=] 2018-02-12 18:47:13,321 : 
SessionID[MTM5MzE=] 2018-02-12 18:47:13,321 : exiting.
SessionID[MTM5MzE=] 2018-02-12 18:47:30,550 : ---[ Start DHCP Mon Feb 12 18:47:30 2018]---
SessionID[Mjc0NA==] 2018-02-12 18:47:30,550 : ---[ Start DHCP Mon Feb 12 18:47:30 2018]---
SessionID[MTM5MzE=] 2018-02-12 18:47:30,556 : Internet Systems Consortium DHCP Server 4.3.5
SessionID[Mjc0NA==] 2018-02-12 18:47:30,556 : Internet Systems Consortium DHCP Server 4.3.5
SessionID[MTM5MzE=] 2018-02-12 18:47:30,556 : Copyright 2004-2016 Internet Systems Consortium.
SessionID[Mjc0NA==] 2018-02-12 18:47:30,556 : Copyright 2004-2016 Internet Systems Consortium.
SessionID[MTM5MzE=] 2018-02-12 18:47:30,556 : All rights reserved.
SessionID[Mjc0NA==] 2018-02-12 18:47:30,556 : All rights reserved.
SessionID[MTM5MzE=] 2018-02-12 18:47:30,557 : For info, please visit https://www.isc.org/software/dhcp/
SessionID[Mjc0NA==] 2018-02-12 18:47:30,557 : For info, please visit https://www.isc.org/software/dhcp/
SessionID[MTM5MzE=] 2018-02-12 18:47:30,560 : Config file: /etc/dhcp/dhcpd.conf
SessionID[Mjc0NA==] 2018-02-12 18:47:30,560 : Config file: /etc/dhcp/dhcpd.conf
SessionID[MTM5MzE=] 2018-02-12 18:47:30,560 : Database file: /var/lib/dhcp/dhcpd.leases
SessionID[Mjc0NA==] 2018-02-12 18:47:30,560 : Database file: /var/lib/dhcp/dhcpd.leases
SessionID[MTM5MzE=] 2018-02-12 18:47:30,560 : PID file: /var/run/dhcpd.pid
SessionID[Mjc0NA==] 2018-02-12 18:47:30,560 : PID file: /var/run/dhcpd.pid
SessionID[MTM5MzE=] 2018-02-12 18:47:30,561 : Wrote 0 leases to leases file.
SessionID[Mjc0NA==] 2018-02-12 18:47:30,561 : Wrote 0 leases to leases file.
SessionID[MTM5MzE=] 2018-02-12 18:47:30,598 : 
SessionID[Mjc0NA==] 2018-02-12 18:47:30,598 : 
SessionID[MTM5MzE=] 2018-02-12 18:47:30,599 : No subnet declaration for wlan0 (172.16.0.1).
SessionID[Mjc0NA==] 2018-02-12 18:47:30,599 : No subnet declaration for wlan0 (172.16.0.1).
SessionID[MTM5MzE=] 2018-02-12 18:47:30,599 : ** Ignoring requests on wlan0.  If this is not what
SessionID[Mjc0NA==] 2018-02-12 18:47:30,599 : ** Ignoring requests on wlan0.  If this is not what
SessionID[MTM5MzE=] 2018-02-12 18:47:30,599 :    you want, please write a subnet declaration
SessionID[Mjc0NA==] 2018-02-12 18:47:30,599 :    you want, please write a subnet declaration
SessionID[MTM5MzE=] 2018-02-12 18:47:30,599 :    in your dhcpd.conf file for the network segment
SessionID[Mjc0NA==] 2018-02-12 18:47:30,599 :    in your dhcpd.conf file for the network segment
SessionID[MTM5MzE=] 2018-02-12 18:47:30,599 :    to which interface wlan0 is attached. **
SessionID[Mjc0NA==] 2018-02-12 18:47:30,599 :    to which interface wlan0 is attached. **
SessionID[MTM5MzE=] 2018-02-12 18:47:30,599 : 
SessionID[Mjc0NA==] 2018-02-12 18:47:30,599 : 
SessionID[MTM5MzE=] 2018-02-12 18:47:30,599 : 
SessionID[Mjc0NA==] 2018-02-12 18:47:30,599 : 
SessionID[MTM5MzE=] 2018-02-12 18:47:30,600 : Not configured to listen on any interfaces!
SessionID[Mjc0NA==] 2018-02-12 18:47:30,600 : Not configured to listen on any interfaces!
SessionID[MTM5MzE=] 2018-02-12 18:47:30,600 : 
SessionID[Mjc0NA==] 2018-02-12 18:47:30,600 : 
SessionID[MTM5MzE=] 2018-02-12 18:47:30,600 : If you think you have received this message due to a bug rather
SessionID[Mjc0NA==] 2018-02-12 18:47:30,600 : If you think you have received this message due to a bug rather
SessionID[MTM5MzE=] 2018-02-12 18:47:30,600 : than a configuration issue please read the section on submitting
SessionID[Mjc0NA==] 2018-02-12 18:47:30,600 : than a configuration issue please read the section on submitting
SessionID[MTM5MzE=] 2018-02-12 18:47:30,600 : bugs on either our web page at www.isc.org or in the README file
SessionID[Mjc0NA==] 2018-02-12 18:47:30,600 : bugs on either our web page at www.isc.org or in the README file
SessionID[MTM5MzE=] 2018-02-12 18:47:30,600 : before submitting a bug.  These pages explain the proper
SessionID[Mjc0NA==] 2018-02-12 18:47:30,600 : before submitting a bug.  These pages explain the proper
SessionID[MTM5MzE=] 2018-02-12 18:47:30,600 : process and the information we find helpful for debugging..
SessionID[Mjc0NA==] 2018-02-12 18:47:30,600 : process and the information we find helpful for debugging..
SessionID[MTM5MzE=] 2018-02-12 18:47:30,600 : 
SessionID[Mjc0NA==] 2018-02-12 18:47:30,600 : 
SessionID[MTM5MzE=] 2018-02-12 18:47:30,600 : exiting.
SessionID[Mjc0NA==] 2018-02-12 18:47:30,600 : exiting.
SessionID[MzYzMTk=] 2018-02-12 18:52:33,411 : ---[ Start DHCP Mon Feb 12 18:52:33 2018]---
SessionID[MzYzMTk=] 2018-02-12 18:52:33,415 : Internet Systems Consortium DHCP Server 4.3.5
SessionID[MzYzMTk=] 2018-02-12 18:52:33,415 : Copyright 2004-2016 Internet Systems Consortium.
SessionID[MzYzMTk=] 2018-02-12 18:52:33,415 : All rights reserved.
SessionID[MzYzMTk=] 2018-02-12 18:52:33,415 : For info, please visit https://www.isc.org/software/dhcp/
SessionID[MzYzMTk=] 2018-02-12 18:52:33,418 : Config file: /etc/dhcp/dhcpd.conf
SessionID[MzYzMTk=] 2018-02-12 18:52:33,419 : Database file: /var/lib/dhcp/dhcpd.leases
SessionID[MzYzMTk=] 2018-02-12 18:52:33,419 : PID file: /var/run/dhcpd.pid
SessionID[MzYzMTk=] 2018-02-12 18:52:33,419 : Wrote 0 leases to leases file.
SessionID[MzYzMTk=] 2018-02-12 18:52:33,470 : 
SessionID[MzYzMTk=] 2018-02-12 18:52:33,470 : No subnet declaration for wlan0 (172.16.0.1).
SessionID[MzYzMTk=] 2018-02-12 18:52:33,471 : ** Ignoring requests on wlan0.  If this is not what
SessionID[MzYzMTk=] 2018-02-12 18:52:33,471 :    you want, please write a subnet declaration
SessionID[MzYzMTk=] 2018-02-12 18:52:33,471 :    in your dhcpd.conf file for the network segment
SessionID[MzYzMTk=] 2018-02-12 18:52:33,471 :    to which interface wlan0 is attached. **
SessionID[MzYzMTk=] 2018-02-12 18:52:33,471 : 
SessionID[MzYzMTk=] 2018-02-12 18:52:33,472 : 
SessionID[MzYzMTk=] 2018-02-12 18:52:33,472 : Not configured to listen on any interfaces!
SessionID[MzYzMTk=] 2018-02-12 18:52:33,472 : 
SessionID[MzYzMTk=] 2018-02-12 18:52:33,472 : If you think you have received this message due to a bug rather
SessionID[MzYzMTk=] 2018-02-12 18:52:33,473 : than a configuration issue please read the section on submitting
SessionID[MzYzMTk=] 2018-02-12 18:52:33,473 : bugs on either our web page at www.isc.org or in the README file
SessionID[MzYzMTk=] 2018-02-12 18:52:33,473 : before submitting a bug.  These pages explain the proper
SessionID[MzYzMTk=] 2018-02-12 18:52:33,473 : process and the information we find helpful for debugging..
SessionID[MzYzMTk=] 2018-02-12 18:52:33,473 : 
SessionID[MzYzMTk=] 2018-02-12 18:52:33,473 : exiting.
SessionID[MzYzMTk=] 2018-02-12 18:52:50,529 : ---[ Start DHCP Mon Feb 12 18:52:50 2018]---
SessionID[NDA0NjE=] 2018-02-12 18:52:50,529 : ---[ Start DHCP Mon Feb 12 18:52:50 2018]---
SessionID[MzYzMTk=] 2018-02-12 18:52:50,535 : Internet Systems Consortium DHCP Server 4.3.5
SessionID[NDA0NjE=] 2018-02-12 18:52:50,535 : Internet Systems Consortium DHCP Server 4.3.5
SessionID[MzYzMTk=] 2018-02-12 18:52:50,535 : Copyright 2004-2016 Internet Systems Consortium.
SessionID[NDA0NjE=] 2018-02-12 18:52:50,535 : Copyright 2004-2016 Internet Systems Consortium.
SessionID[MzYzMTk=] 2018-02-12 18:52:50,535 : All rights reserved.
SessionID[NDA0NjE=] 2018-02-12 18:52:50,535 : All rights reserved.
SessionID[MzYzMTk=] 2018-02-12 18:52:50,535 : For info, please visit https://www.isc.org/software/dhcp/
SessionID[NDA0NjE=] 2018-02-12 18:52:50,535 : For info, please visit https://www.isc.org/software/dhcp/
SessionID[MzYzMTk=] 2018-02-12 18:52:50,538 : Config file: /etc/dhcp/dhcpd.conf
SessionID[NDA0NjE=] 2018-02-12 18:52:50,538 : Config file: /etc/dhcp/dhcpd.conf
SessionID[MzYzMTk=] 2018-02-12 18:52:50,539 : Database file: /var/lib/dhcp/dhcpd.leases
SessionID[NDA0NjE=] 2018-02-12 18:52:50,539 : Database file: /var/lib/dhcp/dhcpd.leases
SessionID[MzYzMTk=] 2018-02-12 18:52:50,539 : PID file: /var/run/dhcpd.pid
SessionID[NDA0NjE=] 2018-02-12 18:52:50,539 : PID file: /var/run/dhcpd.pid
SessionID[MzYzMTk=] 2018-02-12 18:52:50,539 : Wrote 0 leases to leases file.
SessionID[NDA0NjE=] 2018-02-12 18:52:50,539 : Wrote 0 leases to leases file.
SessionID[MzYzMTk=] 2018-02-12 18:52:50,594 : 
SessionID[NDA0NjE=] 2018-02-12 18:52:50,594 : 
SessionID[MzYzMTk=] 2018-02-12 18:52:50,594 : No subnet declaration for wlan0 (172.16.0.1).
SessionID[NDA0NjE=] 2018-02-12 18:52:50,594 : No subnet declaration for wlan0 (172.16.0.1).
SessionID[MzYzMTk=] 2018-02-12 18:52:50,594 : ** Ignoring requests on wlan0.  If this is not what
SessionID[NDA0NjE=] 2018-02-12 18:52:50,594 : ** Ignoring requests on wlan0.  If this is not what
SessionID[MzYzMTk=] 2018-02-12 18:52:50,595 :    you want, please write a subnet declaration
SessionID[NDA0NjE=] 2018-02-12 18:52:50,595 :    you want, please write a subnet declaration
SessionID[MzYzMTk=] 2018-02-12 18:52:50,595 :    in your dhcpd.conf file for the network segment
SessionID[NDA0NjE=] 2018-02-12 18:52:50,595 :    in your dhcpd.conf file for the network segment
SessionID[MzYzMTk=] 2018-02-12 18:52:50,595 :    to which interface wlan0 is attached. **
SessionID[NDA0NjE=] 2018-02-12 18:52:50,595 :    to which interface wlan0 is attached. **
SessionID[MzYzMTk=] 2018-02-12 18:52:50,595 : 
SessionID[NDA0NjE=] 2018-02-12 18:52:50,595 : 
SessionID[MzYzMTk=] 2018-02-12 18:52:50,595 : 
SessionID[NDA0NjE=] 2018-02-12 18:52:50,595 : 
SessionID[MzYzMTk=] 2018-02-12 18:52:50,595 : Not configured to listen on any interfaces!
SessionID[NDA0NjE=] 2018-02-12 18:52:50,595 : Not configured to listen on any interfaces!
SessionID[MzYzMTk=] 2018-02-12 18:52:50,595 : 
SessionID[NDA0NjE=] 2018-02-12 18:52:50,595 : 
SessionID[MzYzMTk=] 2018-02-12 18:52:50,595 : If you think you have received this message due to a bug rather
SessionID[NDA0NjE=] 2018-02-12 18:52:50,595 : If you think you have received this message due to a bug rather
SessionID[MzYzMTk=] 2018-02-12 18:52:50,595 : than a configuration issue please read the section on submitting
SessionID[NDA0NjE=] 2018-02-12 18:52:50,595 : than a configuration issue please read the section on submitting
SessionID[MzYzMTk=] 2018-02-12 18:52:50,595 : bugs on either our web page at www.isc.org or in the README file
SessionID[NDA0NjE=] 2018-02-12 18:52:50,595 : bugs on either our web page at www.isc.org or in the README file
SessionID[MzYzMTk=] 2018-02-12 18:52:50,595 : before submitting a bug.  These pages explain the proper
SessionID[NDA0NjE=] 2018-02-12 18:52:50,595 : before submitting a bug.  These pages explain the proper
SessionID[MzYzMTk=] 2018-02-12 18:52:50,595 : process and the information we find helpful for debugging..
SessionID[NDA0NjE=] 2018-02-12 18:52:50,595 : process and the information we find helpful for debugging..
SessionID[MzYzMTk=] 2018-02-12 18:52:50,596 : 
SessionID[NDA0NjE=] 2018-02-12 18:52:50,596 : 
SessionID[MzYzMTk=] 2018-02-12 18:52:50,596 : exiting.
SessionID[NDA0NjE=] 2018-02-12 18:52:50,596 : exiting.
SessionID[OTcyMTg=] 2018-02-12 19:02:29,760 : ---[ Start DHCP Mon Feb 12 19:02:29 2018]---
SessionID[OTcyMTg=] 2018-02-12 19:02:29,765 : Internet Systems Consortium DHCP Server 4.3.5
SessionID[OTcyMTg=] 2018-02-12 19:02:29,765 : Copyright 2004-2016 Internet Systems Consortium.
SessionID[OTcyMTg=] 2018-02-12 19:02:29,765 : All rights reserved.
SessionID[OTcyMTg=] 2018-02-12 19:02:29,765 : For info, please visit https://www.isc.org/software/dhcp/
SessionID[OTcyMTg=] 2018-02-12 19:02:29,768 : Config file: /etc/dhcp/dhcpd.conf
SessionID[OTcyMTg=] 2018-02-12 19:02:29,768 : Database file: /var/lib/dhcp/dhcpd.leases
SessionID[OTcyMTg=] 2018-02-12 19:02:29,769 : PID file: /var/run/dhcpd.pid
SessionID[OTcyMTg=] 2018-02-12 19:02:29,769 : Wrote 0 leases to leases file.
SessionID[OTcyMTg=] 2018-02-12 19:02:29,819 : 
SessionID[OTcyMTg=] 2018-02-12 19:02:29,819 : No subnet declaration for wlan0 (172.16.0.1).
SessionID[OTcyMTg=] 2018-02-12 19:02:29,819 : ** Ignoring requests on wlan0.  If this is not what
SessionID[OTcyMTg=] 2018-02-12 19:02:29,820 :    you want, please write a subnet declaration
SessionID[OTcyMTg=] 2018-02-12 19:02:29,820 :    in your dhcpd.conf file for the network segment
SessionID[OTcyMTg=] 2018-02-12 19:02:29,820 :    to which interface wlan0 is attached. **
SessionID[OTcyMTg=] 2018-02-12 19:02:29,820 : 
SessionID[OTcyMTg=] 2018-02-12 19:02:29,820 : 
SessionID[OTcyMTg=] 2018-02-12 19:02:29,821 : Not configured to listen on any interfaces!
SessionID[OTcyMTg=] 2018-02-12 19:02:29,821 : 
SessionID[OTcyMTg=] 2018-02-12 19:02:29,821 : If you think you have received this message due to a bug rather
SessionID[OTcyMTg=] 2018-02-12 19:02:29,821 : than a configuration issue please read the section on submitting
SessionID[OTcyMTg=] 2018-02-12 19:02:29,821 : bugs on either our web page at www.isc.org or in the README file
SessionID[OTcyMTg=] 2018-02-12 19:02:29,822 : before submitting a bug.  These pages explain the proper
SessionID[OTcyMTg=] 2018-02-12 19:02:29,822 : process and the information we find helpful for debugging..
SessionID[OTcyMTg=] 2018-02-12 19:02:29,822 : 
SessionID[OTcyMTg=] 2018-02-12 19:02:29,822 : exiting.
SessionID[MjU3MDA=] 2018-02-12 19:04:35,555 : ---[ Start DHCP Mon Feb 12 19:04:35 2018]---
SessionID[MjU3MDA=] 2018-02-12 19:04:35,560 : Internet Systems Consortium DHCP Server 4.3.5
SessionID[MjU3MDA=] 2018-02-12 19:04:35,560 : Copyright 2004-2016 Internet Systems Consortium.
SessionID[MjU3MDA=] 2018-02-12 19:04:35,561 : All rights reserved.
SessionID[MjU3MDA=] 2018-02-12 19:04:35,561 : For info, please visit https://www.isc.org/software/dhcp/
SessionID[MjU3MDA=] 2018-02-12 19:04:35,564 : Config file: /etc/dhcp/dhcpd.conf
SessionID[MjU3MDA=] 2018-02-12 19:04:35,564 : Database file: /var/lib/dhcp/dhcpd.leases
SessionID[MjU3MDA=] 2018-02-12 19:04:35,564 : PID file: /var/run/dhcpd.pid
SessionID[MjU3MDA=] 2018-02-12 19:04:35,564 : Wrote 0 leases to leases file.
SessionID[MjU3MDA=] 2018-02-12 19:04:35,594 : 
SessionID[MjU3MDA=] 2018-02-12 19:04:35,594 : No subnet declaration for wlan0 (172.16.0.1).
SessionID[MjU3MDA=] 2018-02-12 19:04:35,594 : ** Ignoring requests on wlan0.  If this is not what
SessionID[MjU3MDA=] 2018-02-12 19:04:35,594 :    you want, please write a subnet declaration
SessionID[MjU3MDA=] 2018-02-12 19:04:35,594 :    in your dhcpd.conf file for the network segment
SessionID[MjU3MDA=] 2018-02-12 19:04:35,595 :    to which interface wlan0 is attached. **
SessionID[MjU3MDA=] 2018-02-12 19:04:35,595 : 
SessionID[MjU3MDA=] 2018-02-12 19:04:35,595 : 
SessionID[MjU3MDA=] 2018-02-12 19:04:35,595 : Not configured to listen on any interfaces!
SessionID[MjU3MDA=] 2018-02-12 19:04:35,595 : 
SessionID[MjU3MDA=] 2018-02-12 19:04:35,595 : If you think you have received this message due to a bug rather
SessionID[MjU3MDA=] 2018-02-12 19:04:35,595 : than a configuration issue please read the section on submitting
SessionID[MjU3MDA=] 2018-02-12 19:04:35,596 : bugs on either our web page at www.isc.org or in the README file
SessionID[MjU3MDA=] 2018-02-12 19:04:35,596 : before submitting a bug.  These pages explain the proper
SessionID[MjU3MDA=] 2018-02-12 19:04:35,596 : process and the information we find helpful for debugging..
SessionID[MjU3MDA=] 2018-02-12 19:04:35,596 : 
SessionID[MjU3MDA=] 2018-02-12 19:04:35,596 : exiting.
SessionID[OTQ2NjY=] 2018-02-12 19:13:17,062 : ---[ Start DHCP Mon Feb 12 19:13:17 2018]---
SessionID[OTQ2NjY=] 2018-02-12 19:13:17,068 : Internet Systems Consortium DHCP Server 4.3.5
SessionID[OTQ2NjY=] 2018-02-12 19:13:17,068 : Copyright 2004-2016 Internet Systems Consortium.
SessionID[OTQ2NjY=] 2018-02-12 19:13:17,068 : All rights reserved.
SessionID[OTQ2NjY=] 2018-02-12 19:13:17,068 : For info, please visit https://www.isc.org/software/dhcp/
SessionID[OTQ2NjY=] 2018-02-12 19:13:17,072 : Config file: /etc/dhcp/dhcpd.conf
SessionID[OTQ2NjY=] 2018-02-12 19:13:17,072 : Database file: /var/lib/dhcp/dhcpd.leases
SessionID[OTQ2NjY=] 2018-02-12 19:13:17,072 : PID file: /var/run/dhcpd.pid
SessionID[OTQ2NjY=] 2018-02-12 19:13:17,072 : Wrote 0 leases to leases file.
SessionID[OTQ2NjY=] 2018-02-12 19:13:17,127 : 
SessionID[OTQ2NjY=] 2018-02-12 19:13:17,127 : No subnet declaration for wlan0 (172.16.0.1).
SessionID[OTQ2NjY=] 2018-02-12 19:13:17,127 : ** Ignoring requests on wlan0.  If this is not what
SessionID[OTQ2NjY=] 2018-02-12 19:13:17,127 :    you want, please write a subnet declaration
SessionID[OTQ2NjY=] 2018-02-12 19:13:17,127 :    in your dhcpd.conf file for the network segment
SessionID[OTQ2NjY=] 2018-02-12 19:13:17,127 :    to which interface wlan0 is attached. **
SessionID[OTQ2NjY=] 2018-02-12 19:13:17,127 : 
SessionID[OTQ2NjY=] 2018-02-12 19:13:17,127 : 
SessionID[OTQ2NjY=] 2018-02-12 19:13:17,128 : Not configured to listen on any interfaces!
SessionID[OTQ2NjY=] 2018-02-12 19:13:17,128 : 
SessionID[OTQ2NjY=] 2018-02-12 19:13:17,128 : If you think you have received this message due to a bug rather
SessionID[OTQ2NjY=] 2018-02-12 19:13:17,128 : than a configuration issue please read the section on submitting
SessionID[OTQ2NjY=] 2018-02-12 19:13:17,128 : bugs on either our web page at www.isc.org or in the README file
SessionID[OTQ2NjY=] 2018-02-12 19:13:17,128 : before submitting a bug.  These pages explain the proper
SessionID[OTQ2NjY=] 2018-02-12 19:13:17,128 : process and the information we find helpful for debugging..
SessionID[OTQ2NjY=] 2018-02-12 19:13:17,128 : 
SessionID[OTQ2NjY=] 2018-02-12 19:13:17,129 : exiting.
SessionID[Njk4NzM=] 2018-02-12 19:14:06,889 : ---[ Start DHCP Mon Feb 12 19:14:06 2018]---
SessionID[Njk4NzM=] 2018-02-12 19:14:06,893 : Internet Systems Consortium DHCP Server 4.3.5
SessionID[Njk4NzM=] 2018-02-12 19:14:06,893 : Copyright 2004-2016 Internet Systems Consortium.
SessionID[Njk4NzM=] 2018-02-12 19:14:06,893 : All rights reserved.
SessionID[Njk4NzM=] 2018-02-12 19:14:06,894 : For info, please visit https://www.isc.org/software/dhcp/
SessionID[Njk4NzM=] 2018-02-12 19:14:06,897 : Config file: /etc/dhcp/dhcpd.conf
SessionID[Njk4NzM=] 2018-02-12 19:14:06,897 : Database file: /var/lib/dhcp/dhcpd.leases
SessionID[Njk4NzM=] 2018-02-12 19:14:06,897 : PID file: /var/run/dhcpd.pid
SessionID[Njk4NzM=] 2018-02-12 19:14:06,897 : Wrote 0 leases to leases file.
SessionID[Njk4NzM=] 2018-02-12 19:14:06,954 : 
SessionID[Njk4NzM=] 2018-02-12 19:14:06,954 : No subnet declaration for wlan0 (172.16.0.1).
SessionID[Njk4NzM=] 2018-02-12 19:14:06,954 : ** Ignoring requests on wlan0.  If this is not what
SessionID[Njk4NzM=] 2018-02-12 19:14:06,955 :    you want, please write a subnet declaration
SessionID[Njk4NzM=] 2018-02-12 19:14:06,955 :    in your dhcpd.conf file for the network segment
SessionID[Njk4NzM=] 2018-02-12 19:14:06,955 :    to which interface wlan0 is attached. **
SessionID[Njk4NzM=] 2018-02-12 19:14:06,955 : 
SessionID[Njk4NzM=] 2018-02-12 19:14:06,956 : 
SessionID[Njk4NzM=] 2018-02-12 19:14:06,956 : Not configured to listen on any interfaces!
SessionID[Njk4NzM=] 2018-02-12 19:14:06,956 : 
SessionID[Njk4NzM=] 2018-02-12 19:14:06,956 : If you think you have received this message due to a bug rather
SessionID[Njk4NzM=] 2018-02-12 19:14:06,957 : than a configuration issue please read the section on submitting
SessionID[Njk4NzM=] 2018-02-12 19:14:06,957 : bugs on either our web page at www.isc.org or in the README file
SessionID[Njk4NzM=] 2018-02-12 19:14:06,957 : before submitting a bug.  These pages explain the proper
SessionID[Njk4NzM=] 2018-02-12 19:14:06,957 : process and the information we find helpful for debugging..
SessionID[Njk4NzM=] 2018-02-12 19:14:06,957 : 
SessionID[Njk4NzM=] 2018-02-12 19:14:06,957 : exiting.
SessionID[NjUyNzE=] 2018-02-12 19:35:32,739 : ---[ Start DHCP Mon Feb 12 19:35:32 2018]---
SessionID[NjUyNzE=] 2018-02-12 19:35:32,745 : Internet Systems Consortium DHCP Server 4.3.5
SessionID[NjUyNzE=] 2018-02-12 19:35:32,745 : Copyright 2004-2016 Internet Systems Consortium.
SessionID[NjUyNzE=] 2018-02-12 19:35:32,745 : All rights reserved.
SessionID[NjUyNzE=] 2018-02-12 19:35:32,745 : For info, please visit https://www.isc.org/software/dhcp/
SessionID[NjUyNzE=] 2018-02-12 19:35:32,748 : Config file: /etc/dhcp/dhcpd.conf
SessionID[NjUyNzE=] 2018-02-12 19:35:32,749 : Database file: /var/lib/dhcp/dhcpd.leases
SessionID[NjUyNzE=] 2018-02-12 19:35:32,749 : PID file: /var/run/dhcpd.pid
SessionID[NjUyNzE=] 2018-02-12 19:35:32,749 : Wrote 0 leases to leases file.
SessionID[NjUyNzE=] 2018-02-12 19:35:32,787 : 
SessionID[NjUyNzE=] 2018-02-12 19:35:32,787 : No subnet declaration for wlan0 (172.16.0.1).
SessionID[NjUyNzE=] 2018-02-12 19:35:32,787 : ** Ignoring requests on wlan0.  If this is not what
SessionID[NjUyNzE=] 2018-02-12 19:35:32,788 :    you want, please write a subnet declaration
SessionID[NjUyNzE=] 2018-02-12 19:35:32,788 :    in your dhcpd.conf file for the network segment
SessionID[NjUyNzE=] 2018-02-12 19:35:32,788 :    to which interface wlan0 is attached. **
SessionID[NjUyNzE=] 2018-02-12 19:35:32,788 : 
SessionID[NjUyNzE=] 2018-02-12 19:35:32,788 : 
SessionID[NjUyNzE=] 2018-02-12 19:35:32,788 : Not configured to listen on any interfaces!
SessionID[NjUyNzE=] 2018-02-12 19:35:32,788 : 
SessionID[NjUyNzE=] 2018-02-12 19:35:32,788 : If you think you have received this message due to a bug rather
SessionID[NjUyNzE=] 2018-02-12 19:35:32,788 : than a configuration issue please read the section on submitting
SessionID[NjUyNzE=] 2018-02-12 19:35:32,789 : bugs on either our web page at www.isc.org or in the README file
SessionID[NjUyNzE=] 2018-02-12 19:35:32,789 : before submitting a bug.  These pages explain the proper
SessionID[NjUyNzE=] 2018-02-12 19:35:32,789 : process and the information we find helpful for debugging..
SessionID[NjUyNzE=] 2018-02-12 19:35:32,789 : 
SessionID[NjUyNzE=] 2018-02-12 19:35:32,789 : exiting.
SessionID[MjM3NTE=] 2018-02-12 19:44:11,933 : ---[ Start DHCP Mon Feb 12 19:44:11 2018]---
SessionID[MjM3NTE=] 2018-02-12 19:44:11,936 : Internet Systems Consortium DHCP Server 4.3.5
SessionID[MjM3NTE=] 2018-02-12 19:44:11,936 : Copyright 2004-2016 Internet Systems Consortium.
SessionID[MjM3NTE=] 2018-02-12 19:44:11,936 : All rights reserved.
SessionID[MjM3NTE=] 2018-02-12 19:44:11,936 : For info, please visit https://www.isc.org/software/dhcp/
SessionID[MjM3NTE=] 2018-02-12 19:44:11,940 : Config file: /etc/dhcp/dhcpd.conf
SessionID[MjM3NTE=] 2018-02-12 19:44:11,940 : Database file: /var/lib/dhcp/dhcpd.leases
SessionID[MjM3NTE=] 2018-02-12 19:44:11,940 : PID file: /var/run/dhcpd.pid
SessionID[MjM3NTE=] 2018-02-12 19:44:11,940 : Wrote 0 leases to leases file.
SessionID[MjM3NTE=] 2018-02-12 19:44:11,985 : 
SessionID[MjM3NTE=] 2018-02-12 19:44:11,985 : No subnet declaration for wlan0 (172.16.0.1).
SessionID[MjM3NTE=] 2018-02-12 19:44:11,985 : ** Ignoring requests on wlan0.  If this is not what
SessionID[MjM3NTE=] 2018-02-12 19:44:11,985 :    you want, please write a subnet declaration
SessionID[MjM3NTE=] 2018-02-12 19:44:11,985 :    in your dhcpd.conf file for the network segment
SessionID[MjM3NTE=] 2018-02-12 19:44:11,985 :    to which interface wlan0 is attached. **
SessionID[MjM3NTE=] 2018-02-12 19:44:11,986 : 
SessionID[MjM3NTE=] 2018-02-12 19:44:11,986 : 
SessionID[MjM3NTE=] 2018-02-12 19:44:11,986 : Not configured to listen on any interfaces!
SessionID[MjM3NTE=] 2018-02-12 19:44:11,986 : 
SessionID[MjM3NTE=] 2018-02-12 19:44:11,986 : If you think you have received this message due to a bug rather
SessionID[MjM3NTE=] 2018-02-12 19:44:11,986 : than a configuration issue please read the section on submitting
SessionID[MjM3NTE=] 2018-02-12 19:44:11,986 : bugs on either our web page at www.isc.org or in the README file
SessionID[MjM3NTE=] 2018-02-12 19:44:11,987 : before submitting a bug.  These pages explain the proper
SessionID[MjM3NTE=] 2018-02-12 19:44:11,987 : process and the information we find helpful for debugging..
SessionID[MjM3NTE=] 2018-02-12 19:44:11,987 : 
SessionID[MjM3NTE=] 2018-02-12 19:44:11,987 : exiting.
