SessionID[NjEzMjQ=] 2017-11-16 08:37:29,601 : Configuration file: core/config/hostapd/hostapd.conf
Line 15: unknown configuration item 'enable_mana'
Line 16: unknown configuration item 'mana_loud'
Line 17: unknown configuration item 'mana_macacl'
3 errors found in configuration file 'core/config/hostapd/hostapd.conf'
Failed to set up interface with core/config/hostapd/hostapd.conf
Failed to initialize interface

SessionID[NjEzMjQ=] 2017-11-16 08:38:40,755 : Configuration file: core/config/hostapd/hostapd.conf
Using interface wlan1 with hwaddr 60:e3:27:20:f9:56 and ssid "AirportWifi"
wlan1: interface state UNINITIALIZED->ENABLED
wlan1: AP-ENABLED 

SessionID[NzI5OTI=] 2017-11-16 08:38:40,755 : Configuration file: core/config/hostapd/hostapd.conf
Using interface wlan1 with hwaddr 60:e3:27:20:f9:56 and ssid "AirportWifi"
wlan1: interface state UNINITIALIZED->ENABLED
wlan1: AP-ENABLED 

SessionID[NjEzMjQ=] 2017-11-16 08:39:43,874 : Configuration file: core/config/hostapd/hostapd.conf
Using interface wlan1 with hwaddr 60:e3:27:20:f9:56 and ssid "AirportWifi"
wlan1: interface state UNINITIALIZED->ENABLED
wlan1: AP-ENABLED 

SessionID[NzI5OTI=] 2017-11-16 08:39:43,874 : Configuration file: core/config/hostapd/hostapd.conf
Using interface wlan1 with hwaddr 60:e3:27:20:f9:56 and ssid "AirportWifi"
wlan1: interface state UNINITIALIZED->ENABLED
wlan1: AP-ENABLED 

SessionID[MjY4NDU=] 2017-11-16 08:39:43,874 : Configuration file: core/config/hostapd/hostapd.conf
Using interface wlan1 with hwaddr 60:e3:27:20:f9:56 and ssid "AirportWifi"
wlan1: interface state UNINITIALIZED->ENABLED
wlan1: AP-ENABLED 

SessionID[NjEzMjQ=] 2017-11-16 08:40:28,328 : wlan1: INTERFACE-DISABLED 

SessionID[NzI5OTI=] 2017-11-16 08:40:28,328 : wlan1: INTERFACE-DISABLED 

SessionID[MjY4NDU=] 2017-11-16 08:40:28,328 : wlan1: INTERFACE-DISABLED 

SessionID[NjEzMjQ=] 2017-11-16 08:40:28,431 : wlan1: INTERFACE-ENABLED 

SessionID[NzI5OTI=] 2017-11-16 08:40:28,431 : wlan1: INTERFACE-ENABLED 

SessionID[MjY4NDU=] 2017-11-16 08:40:28,431 : wlan1: INTERFACE-ENABLED 

SessionID[NjEzMjQ=] 2017-11-16 08:40:28,433 : Failed to set beacon parameters

SessionID[NzI5OTI=] 2017-11-16 08:40:28,433 : Failed to set beacon parameters

SessionID[MjY4NDU=] 2017-11-16 08:40:28,433 : Failed to set beacon parameters

SessionID[NjEzMjQ=] 2017-11-16 08:41:16,174 : Configuration file: core/config/hostapd/hostapd.conf
Using interface wlan1 with hwaddr 60:e3:27:20:f9:56 and ssid "AirportWifi"
wlan1: interface state UNINITIALIZED->ENABLED
wlan1: AP-ENABLED 

SessionID[NzI5OTI=] 2017-11-16 08:41:16,174 : Configuration file: core/config/hostapd/hostapd.conf
Using interface wlan1 with hwaddr 60:e3:27:20:f9:56 and ssid "AirportWifi"
wlan1: interface state UNINITIALIZED->ENABLED
wlan1: AP-ENABLED 

SessionID[MjY4NDU=] 2017-11-16 08:41:16,174 : Configuration file: core/config/hostapd/hostapd.conf
Using interface wlan1 with hwaddr 60:e3:27:20:f9:56 and ssid "AirportWifi"
wlan1: interface state UNINITIALIZED->ENABLED
wlan1: AP-ENABLED 

SessionID[MTQyNw==] 2017-11-16 08:41:16,174 : Configuration file: core/config/hostapd/hostapd.conf
Using interface wlan1 with hwaddr 60:e3:27:20:f9:56 and ssid "AirportWifi"
wlan1: interface state UNINITIALIZED->ENABLED
wlan1: AP-ENABLED 

SessionID[NjEzMjQ=] 2017-11-16 08:41:50,153 : wlan1: STA 34:97:f6:c4:c5:34 IEEE 802.11: associated

SessionID[NzI5OTI=] 2017-11-16 08:41:50,153 : wlan1: STA 34:97:f6:c4:c5:34 IEEE 802.11: associated

SessionID[MjY4NDU=] 2017-11-16 08:41:50,153 : wlan1: STA 34:97:f6:c4:c5:34 IEEE 802.11: associated

SessionID[MTQyNw==] 2017-11-16 08:41:50,153 : wlan1: STA 34:97:f6:c4:c5:34 IEEE 802.11: associated

SessionID[NjEzMjQ=] 2017-11-16 08:41:50,154 : wlan1: AP-STA-CONNECTED 34:97:f6:c4:c5:34
wlan1: STA 34:97:f6:c4:c5:34 RADIUS: starting accounting session F447E46F7380D97A

SessionID[NzI5OTI=] 2017-11-16 08:41:50,154 : wlan1: AP-STA-CONNECTED 34:97:f6:c4:c5:34
wlan1: STA 34:97:f6:c4:c5:34 RADIUS: starting accounting session F447E46F7380D97A

SessionID[MjY4NDU=] 2017-11-16 08:41:50,154 : wlan1: AP-STA-CONNECTED 34:97:f6:c4:c5:34
wlan1: STA 34:97:f6:c4:c5:34 RADIUS: starting accounting session F447E46F7380D97A

SessionID[MTQyNw==] 2017-11-16 08:41:50,154 : wlan1: AP-STA-CONNECTED 34:97:f6:c4:c5:34
wlan1: STA 34:97:f6:c4:c5:34 RADIUS: starting accounting session F447E46F7380D97A

SessionID[NjEzMjQ=] 2017-11-16 08:45:04,886 : Configuration file: core/config/hostapd/hostapd.conf
Using interface wlan1 with hwaddr 60:e3:27:20:f9:56 and ssid "AirportWifi"
wlan1: interface state UNINITIALIZED->ENABLED
wlan1: AP-ENABLED 

SessionID[NzI5OTI=] 2017-11-16 08:45:04,886 : Configuration file: core/config/hostapd/hostapd.conf
Using interface wlan1 with hwaddr 60:e3:27:20:f9:56 and ssid "AirportWifi"
wlan1: interface state UNINITIALIZED->ENABLED
wlan1: AP-ENABLED 

SessionID[MjY4NDU=] 2017-11-16 08:45:04,886 : Configuration file: core/config/hostapd/hostapd.conf
Using interface wlan1 with hwaddr 60:e3:27:20:f9:56 and ssid "AirportWifi"
wlan1: interface state UNINITIALIZED->ENABLED
wlan1: AP-ENABLED 

SessionID[MTQyNw==] 2017-11-16 08:45:04,886 : Configuration file: core/config/hostapd/hostapd.conf
Using interface wlan1 with hwaddr 60:e3:27:20:f9:56 and ssid "AirportWifi"
wlan1: interface state UNINITIALIZED->ENABLED
wlan1: AP-ENABLED 

SessionID[NDA1ODM=] 2017-11-16 08:45:04,886 : Configuration file: core/config/hostapd/hostapd.conf
Using interface wlan1 with hwaddr 60:e3:27:20:f9:56 and ssid "AirportWifi"
wlan1: interface state UNINITIALIZED->ENABLED
wlan1: AP-ENABLED 

SessionID[NjEzMjQ=] 2017-11-16 08:45:26,568 : wlan1: STA 34:97:f6:c4:c5:34 IEEE 802.11: associated

SessionID[NzI5OTI=] 2017-11-16 08:45:26,568 : wlan1: STA 34:97:f6:c4:c5:34 IEEE 802.11: associated

SessionID[MjY4NDU=] 2017-11-16 08:45:26,568 : wlan1: STA 34:97:f6:c4:c5:34 IEEE 802.11: associated

SessionID[MTQyNw==] 2017-11-16 08:45:26,568 : wlan1: STA 34:97:f6:c4:c5:34 IEEE 802.11: associated

SessionID[NDA1ODM=] 2017-11-16 08:45:26,568 : wlan1: STA 34:97:f6:c4:c5:34 IEEE 802.11: associated

SessionID[NjEzMjQ=] 2017-11-16 08:45:26,570 : wlan1: AP-STA-CONNECTED 34:97:f6:c4:c5:34
wlan1: STA 34:97:f6:c4:c5:34 RADIUS: starting accounting session EB9F57923E46725A

SessionID[NzI5OTI=] 2017-11-16 08:45:26,570 : wlan1: AP-STA-CONNECTED 34:97:f6:c4:c5:34
wlan1: STA 34:97:f6:c4:c5:34 RADIUS: starting accounting session EB9F57923E46725A

SessionID[MjY4NDU=] 2017-11-16 08:45:26,570 : wlan1: AP-STA-CONNECTED 34:97:f6:c4:c5:34
wlan1: STA 34:97:f6:c4:c5:34 RADIUS: starting accounting session EB9F57923E46725A

SessionID[MTQyNw==] 2017-11-16 08:45:26,570 : wlan1: AP-STA-CONNECTED 34:97:f6:c4:c5:34
wlan1: STA 34:97:f6:c4:c5:34 RADIUS: starting accounting session EB9F57923E46725A

SessionID[NDA1ODM=] 2017-11-16 08:45:26,570 : wlan1: AP-STA-CONNECTED 34:97:f6:c4:c5:34
wlan1: STA 34:97:f6:c4:c5:34 RADIUS: starting accounting session EB9F57923E46725A

SessionID[NjEzMjQ=] 2017-11-16 08:46:12,258 : wlan1: AP-STA-DISCONNECTED 34:97:f6:c4:c5:34

SessionID[NzI5OTI=] 2017-11-16 08:46:12,258 : wlan1: AP-STA-DISCONNECTED 34:97:f6:c4:c5:34

SessionID[MjY4NDU=] 2017-11-16 08:46:12,258 : wlan1: AP-STA-DISCONNECTED 34:97:f6:c4:c5:34

SessionID[MTQyNw==] 2017-11-16 08:46:12,258 : wlan1: AP-STA-DISCONNECTED 34:97:f6:c4:c5:34

SessionID[NDA1ODM=] 2017-11-16 08:46:12,258 : wlan1: AP-STA-DISCONNECTED 34:97:f6:c4:c5:34

SessionID[NjEzMjQ=] 2017-11-16 08:46:12,260 : wlan1: INTERFACE-DISABLED 

SessionID[NzI5OTI=] 2017-11-16 08:46:12,260 : wlan1: INTERFACE-DISABLED 

SessionID[MjY4NDU=] 2017-11-16 08:46:12,260 : wlan1: INTERFACE-DISABLED 

SessionID[MTQyNw==] 2017-11-16 08:46:12,260 : wlan1: INTERFACE-DISABLED 

SessionID[NDA1ODM=] 2017-11-16 08:46:12,260 : wlan1: INTERFACE-DISABLED 

SessionID[NjEzMjQ=] 2017-11-16 08:46:12,373 : wlan1: INTERFACE-ENABLED 

SessionID[NzI5OTI=] 2017-11-16 08:46:12,373 : wlan1: INTERFACE-ENABLED 

SessionID[MjY4NDU=] 2017-11-16 08:46:12,373 : wlan1: INTERFACE-ENABLED 

SessionID[MTQyNw==] 2017-11-16 08:46:12,373 : wlan1: INTERFACE-ENABLED 

SessionID[NDA1ODM=] 2017-11-16 08:46:12,373 : wlan1: INTERFACE-ENABLED 

SessionID[NjEzMjQ=] 2017-11-16 08:48:29,772 : Configuration file: core/config/hostapd/hostapd.conf
Using interface wlan1 with hwaddr 60:e3:27:20:f9:56 and ssid "AirportWifi"
wlan1: interface state UNINITIALIZED->ENABLED
wlan1: AP-ENABLED 
wlan1: STA 34:97:f6:c4:c5:34 IEEE 802.11: disassociated

SessionID[NzI5OTI=] 2017-11-16 08:48:29,772 : Configuration file: core/config/hostapd/hostapd.conf
Using interface wlan1 with hwaddr 60:e3:27:20:f9:56 and ssid "AirportWifi"
wlan1: interface state UNINITIALIZED->ENABLED
wlan1: AP-ENABLED 
wlan1: STA 34:97:f6:c4:c5:34 IEEE 802.11: disassociated

SessionID[MjY4NDU=] 2017-11-16 08:48:29,772 : Configuration file: core/config/hostapd/hostapd.conf
Using interface wlan1 with hwaddr 60:e3:27:20:f9:56 and ssid "AirportWifi"
wlan1: interface state UNINITIALIZED->ENABLED
wlan1: AP-ENABLED 
wlan1: STA 34:97:f6:c4:c5:34 IEEE 802.11: disassociated

SessionID[MTQyNw==] 2017-11-16 08:48:29,772 : Configuration file: core/config/hostapd/hostapd.conf
Using interface wlan1 with hwaddr 60:e3:27:20:f9:56 and ssid "AirportWifi"
wlan1: interface state UNINITIALIZED->ENABLED
wlan1: AP-ENABLED 
wlan1: STA 34:97:f6:c4:c5:34 IEEE 802.11: disassociated

SessionID[NDA1ODM=] 2017-11-16 08:48:29,772 : Configuration file: core/config/hostapd/hostapd.conf
Using interface wlan1 with hwaddr 60:e3:27:20:f9:56 and ssid "AirportWifi"
wlan1: interface state UNINITIALIZED->ENABLED
wlan1: AP-ENABLED 
wlan1: STA 34:97:f6:c4:c5:34 IEEE 802.11: disassociated

SessionID[NzU5Mjg=] 2017-11-16 08:48:29,772 : Configuration file: core/config/hostapd/hostapd.conf
Using interface wlan1 with hwaddr 60:e3:27:20:f9:56 and ssid "AirportWifi"
wlan1: interface state UNINITIALIZED->ENABLED
wlan1: AP-ENABLED 
wlan1: STA 34:97:f6:c4:c5:34 IEEE 802.11: disassociated

SessionID[NjEzMjQ=] 2017-11-16 08:48:32,406 : wlan1: STA 34:97:f6:c4:c5:34 IEEE 802.11: associated

SessionID[NzI5OTI=] 2017-11-16 08:48:32,406 : wlan1: STA 34:97:f6:c4:c5:34 IEEE 802.11: associated

SessionID[MjY4NDU=] 2017-11-16 08:48:32,406 : wlan1: STA 34:97:f6:c4:c5:34 IEEE 802.11: associated

SessionID[MTQyNw==] 2017-11-16 08:48:32,406 : wlan1: STA 34:97:f6:c4:c5:34 IEEE 802.11: associated

SessionID[NDA1ODM=] 2017-11-16 08:48:32,406 : wlan1: STA 34:97:f6:c4:c5:34 IEEE 802.11: associated

SessionID[NzU5Mjg=] 2017-11-16 08:48:32,406 : wlan1: STA 34:97:f6:c4:c5:34 IEEE 802.11: associated

SessionID[NjEzMjQ=] 2017-11-16 08:48:32,407 : wlan1: AP-STA-CONNECTED 34:97:f6:c4:c5:34
wlan1: STA 34:97:f6:c4:c5:34 RADIUS: starting accounting session 87B46CF3DF1715F8

SessionID[NzI5OTI=] 2017-11-16 08:48:32,407 : wlan1: AP-STA-CONNECTED 34:97:f6:c4:c5:34
wlan1: STA 34:97:f6:c4:c5:34 RADIUS: starting accounting session 87B46CF3DF1715F8

SessionID[MjY4NDU=] 2017-11-16 08:48:32,407 : wlan1: AP-STA-CONNECTED 34:97:f6:c4:c5:34
wlan1: STA 34:97:f6:c4:c5:34 RADIUS: starting accounting session 87B46CF3DF1715F8

SessionID[MTQyNw==] 2017-11-16 08:48:32,407 : wlan1: AP-STA-CONNECTED 34:97:f6:c4:c5:34
wlan1: STA 34:97:f6:c4:c5:34 RADIUS: starting accounting session 87B46CF3DF1715F8

SessionID[NDA1ODM=] 2017-11-16 08:48:32,407 : wlan1: AP-STA-CONNECTED 34:97:f6:c4:c5:34
wlan1: STA 34:97:f6:c4:c5:34 RADIUS: starting accounting session 87B46CF3DF1715F8

SessionID[NzU5Mjg=] 2017-11-16 08:48:32,407 : wlan1: AP-STA-CONNECTED 34:97:f6:c4:c5:34
wlan1: STA 34:97:f6:c4:c5:34 RADIUS: starting accounting session 87B46CF3DF1715F8

SessionID[MTg5MzM=] 2017-11-16 08:59:40,368 : Configuration file: core/config/hostapd/hostapd.conf
Using interface wlan1 with hwaddr 60:e3:27:20:f9:56 and ssid "AirportWifi"
wlan1: interface state UNINITIALIZED->ENABLED
wlan1: AP-ENABLED 

SessionID[MTg5MzM=] 2017-11-16 09:00:05,259 : wlan1: STA 34:97:f6:c4:c5:34 IEEE 802.11: associated

SessionID[MTg5MzM=] 2017-11-16 09:00:05,259 : wlan1: AP-STA-CONNECTED 34:97:f6:c4:c5:34
wlan1: STA 34:97:f6:c4:c5:34 RADIUS: starting accounting session 779BFD96BD5912FC

SessionID[MTg5MzM=] 2017-11-16 09:04:08,818 : Configuration file: core/config/hostapd/hostapd.conf
Using interface wlan1 with hwaddr 60:e3:27:20:f9:56 and ssid "AirportWifi"
wlan1: interface state UNINITIALIZED->ENABLED
wlan1: AP-ENABLED 

SessionID[MzM0Njc=] 2017-11-16 09:04:08,818 : Configuration file: core/config/hostapd/hostapd.conf
Using interface wlan1 with hwaddr 60:e3:27:20:f9:56 and ssid "AirportWifi"
wlan1: interface state UNINITIALIZED->ENABLED
wlan1: AP-ENABLED 

SessionID[MTg5MzM=] 2017-11-16 09:08:07,679 : Configuration file: core/config/hostapd/hostapd.conf
Using interface wlan1 with hwaddr 60:e3:27:20:f9:56 and ssid "AirportWifi"
wlan1: interface state UNINITIALIZED->ENABLED
wlan1: AP-ENABLED 

SessionID[MzM0Njc=] 2017-11-16 09:08:07,679 : Configuration file: core/config/hostapd/hostapd.conf
Using interface wlan1 with hwaddr 60:e3:27:20:f9:56 and ssid "AirportWifi"
wlan1: interface state UNINITIALIZED->ENABLED
wlan1: AP-ENABLED 

SessionID[NjE1NzY=] 2017-11-16 09:08:07,679 : Configuration file: core/config/hostapd/hostapd.conf
Using interface wlan1 with hwaddr 60:e3:27:20:f9:56 and ssid "AirportWifi"
wlan1: interface state UNINITIALIZED->ENABLED
wlan1: AP-ENABLED 

SessionID[MTg5MzM=] 2017-11-16 09:08:21,883 : wlan1: STA 34:97:f6:c4:c5:34 IEEE 802.11: associated

SessionID[MzM0Njc=] 2017-11-16 09:08:21,883 : wlan1: STA 34:97:f6:c4:c5:34 IEEE 802.11: associated

SessionID[NjE1NzY=] 2017-11-16 09:08:21,883 : wlan1: STA 34:97:f6:c4:c5:34 IEEE 802.11: associated

SessionID[MTg5MzM=] 2017-11-16 09:08:21,884 : wlan1: AP-STA-CONNECTED 34:97:f6:c4:c5:34
wlan1: STA 34:97:f6:c4:c5:34 RADIUS: starting accounting session EC3201059F33D255

SessionID[MzM0Njc=] 2017-11-16 09:08:21,884 : wlan1: AP-STA-CONNECTED 34:97:f6:c4:c5:34
wlan1: STA 34:97:f6:c4:c5:34 RADIUS: starting accounting session EC3201059F33D255

SessionID[NjE1NzY=] 2017-11-16 09:08:21,884 : wlan1: AP-STA-CONNECTED 34:97:f6:c4:c5:34
wlan1: STA 34:97:f6:c4:c5:34 RADIUS: starting accounting session EC3201059F33D255

SessionID[OTgyNzI=] 2017-11-16 09:13:40,016 : Configuration file: core/config/hostapd/hostapd.conf
Using interface wlan1 with hwaddr 60:e3:27:20:f9:56 and ssid "AirportWifi"
wlan1: interface state UNINITIALIZED->ENABLED
wlan1: AP-ENABLED 

SessionID[OTgyNzI=] 2017-11-16 09:15:50,758 : wlan1: STA 34:97:f6:c4:c5:34 IEEE 802.11: associated

SessionID[OTgyNzI=] 2017-11-16 09:15:50,758 : wlan1: AP-STA-CONNECTED 34:97:f6:c4:c5:34
wlan1: STA 34:97:f6:c4:c5:34 RADIUS: starting accounting session 4136DC5534BC13D0

SessionID[MjU4OTA=] 2017-12-06 19:35:53,918 : Configuration file: core/config/hostapd/hostapd.conf
Using interface wlan0 with hwaddr bc:f6:85:21:26:0b and ssid "AirportWifi"
wlan0: interface state UNINITIALIZED->ENABLED
wlan0: AP-ENABLED 

SessionID[MjU4OTA=] 2017-12-06 19:36:07,579 : wlan0: STA 34:97:f6:c4:c5:34 IEEE 802.11: authenticated

SessionID[MjU4OTA=] 2017-12-06 19:36:07,581 : wlan0: STA 34:97:f6:c4:c5:34 IEEE 802.11: associated (aid 1)

SessionID[MjU4OTA=] 2017-12-06 19:36:07,582 : wlan0: AP-STA-CONNECTED 34:97:f6:c4:c5:34
wlan0: STA 34:97:f6:c4:c5:34 RADIUS: starting accounting session 5A27E426-00000000

SessionID[NjcyODE=] 2017-12-06 19:57:04,383 : Configuration file: core/config/hostapd/hostapd.conf
Using interface wlan0 with hwaddr bc:f6:85:21:26:0b and ssid "AirportWifi"
wlan0: interface state UNINITIALIZED->ENABLED
wlan0: AP-ENABLED 

SessionID[NjcyODE=] 2017-12-06 19:57:09,952 : wlan0: STA 34:97:f6:c4:c5:34 IEEE 802.11: authenticated

SessionID[NjcyODE=] 2017-12-06 19:57:09,955 : wlan0: STA 34:97:f6:c4:c5:34 IEEE 802.11: associated (aid 1)

SessionID[NjcyODE=] 2017-12-06 19:57:09,955 : wlan0: AP-STA-CONNECTED 34:97:f6:c4:c5:34
wlan0: STA 34:97:f6:c4:c5:34 RADIUS: starting accounting session 5A27E91C-00000000

SessionID[NzUzMDY=] 2017-12-06 20:04:02,929 : Configuration file: core/config/hostapd/hostapd.conf
Using interface wlan0 with hwaddr bc:f6:85:21:26:0b and ssid "AirportWifi"
wlan0: interface state UNINITIALIZED->ENABLED
wlan0: AP-ENABLED 

SessionID[NzQ2MTY=] 2017-12-06 20:06:32,921 : Configuration file: core/config/hostapd/hostapd.conf
Using interface wlan0 with hwaddr bc:f6:85:21:26:0b and ssid "AirportWifi"
wlan0: interface state UNINITIALIZED->ENABLED
wlan0: AP-ENABLED 

SessionID[NDY5NDQ=] 2017-12-06 20:09:38,479 : Configuration file: core/config/hostapd/hostapd.conf
Using interface wlan0 with hwaddr bc:f6:85:21:26:0b and ssid "AirportWifi"
wlan0: interface state UNINITIALIZED->ENABLED
wlan0: AP-ENABLED 

SessionID[NDY5NDQ=] 2017-12-06 20:09:58,575 : Configuration file: core/config/hostapd/hostapd.conf
Using interface wlan0 with hwaddr bc:f6:85:21:26:0b and ssid "AirportWifi"
wlan0: interface state UNINITIALIZED->ENABLED
wlan0: AP-ENABLED 

SessionID[MTk2MzM=] 2017-12-06 20:09:58,575 : Configuration file: core/config/hostapd/hostapd.conf
Using interface wlan0 with hwaddr bc:f6:85:21:26:0b and ssid "AirportWifi"
wlan0: interface state UNINITIALIZED->ENABLED
wlan0: AP-ENABLED 

SessionID[NDY5NDQ=] 2017-12-06 20:10:45,495 : Configuration file: core/config/hostapd/hostapd.conf
Using interface wlan0 with hwaddr bc:f6:85:21:26:0b and ssid "AirportWifi"
wlan0: interface state UNINITIALIZED->ENABLED
wlan0: AP-ENABLED 

SessionID[MTk2MzM=] 2017-12-06 20:10:45,495 : Configuration file: core/config/hostapd/hostapd.conf
Using interface wlan0 with hwaddr bc:f6:85:21:26:0b and ssid "AirportWifi"
wlan0: interface state UNINITIALIZED->ENABLED
wlan0: AP-ENABLED 

SessionID[MzM2Njk=] 2017-12-06 20:10:45,495 : Configuration file: core/config/hostapd/hostapd.conf
Using interface wlan0 with hwaddr bc:f6:85:21:26:0b and ssid "AirportWifi"
wlan0: interface state UNINITIALIZED->ENABLED
wlan0: AP-ENABLED 

SessionID[NDY5NDQ=] 2017-12-06 20:12:53,593 : Configuration file: core/config/hostapd/hostapd.conf
Using interface wlan0 with hwaddr bc:f6:85:21:26:0b and ssid "AirportWifi"
wlan0: interface state UNINITIALIZED->ENABLED
wlan0: AP-ENABLED 

SessionID[MTk2MzM=] 2017-12-06 20:12:53,593 : Configuration file: core/config/hostapd/hostapd.conf
Using interface wlan0 with hwaddr bc:f6:85:21:26:0b and ssid "AirportWifi"
wlan0: interface state UNINITIALIZED->ENABLED
wlan0: AP-ENABLED 

SessionID[MzM2Njk=] 2017-12-06 20:12:53,593 : Configuration file: core/config/hostapd/hostapd.conf
Using interface wlan0 with hwaddr bc:f6:85:21:26:0b and ssid "AirportWifi"
wlan0: interface state UNINITIALIZED->ENABLED
wlan0: AP-ENABLED 

SessionID[NDU4Mzg=] 2017-12-06 20:12:53,593 : Configuration file: core/config/hostapd/hostapd.conf
Using interface wlan0 with hwaddr bc:f6:85:21:26:0b and ssid "AirportWifi"
wlan0: interface state UNINITIALIZED->ENABLED
wlan0: AP-ENABLED 

SessionID[NDY5NDQ=] 2017-12-06 20:13:56,052 : wlan0: STA 34:97:f6:c4:c5:34 IEEE 802.11: authenticated

SessionID[MTk2MzM=] 2017-12-06 20:13:56,052 : wlan0: STA 34:97:f6:c4:c5:34 IEEE 802.11: authenticated

SessionID[MzM2Njk=] 2017-12-06 20:13:56,052 : wlan0: STA 34:97:f6:c4:c5:34 IEEE 802.11: authenticated

SessionID[NDU4Mzg=] 2017-12-06 20:13:56,052 : wlan0: STA 34:97:f6:c4:c5:34 IEEE 802.11: authenticated

SessionID[NDY5NDQ=] 2017-12-06 20:13:56,056 : wlan0: STA 34:97:f6:c4:c5:34 IEEE 802.11: associated (aid 1)

SessionID[MTk2MzM=] 2017-12-06 20:13:56,056 : wlan0: STA 34:97:f6:c4:c5:34 IEEE 802.11: associated (aid 1)

SessionID[MzM2Njk=] 2017-12-06 20:13:56,056 : wlan0: STA 34:97:f6:c4:c5:34 IEEE 802.11: associated (aid 1)

SessionID[NDU4Mzg=] 2017-12-06 20:13:56,056 : wlan0: STA 34:97:f6:c4:c5:34 IEEE 802.11: associated (aid 1)

SessionID[NDY5NDQ=] 2017-12-06 20:13:56,057 : wlan0: AP-STA-CONNECTED 34:97:f6:c4:c5:34
wlan0: STA 34:97:f6:c4:c5:34 RADIUS: starting accounting session 5A27ECD1-00000000

SessionID[MTk2MzM=] 2017-12-06 20:13:56,057 : wlan0: AP-STA-CONNECTED 34:97:f6:c4:c5:34
wlan0: STA 34:97:f6:c4:c5:34 RADIUS: starting accounting session 5A27ECD1-00000000

SessionID[MzM2Njk=] 2017-12-06 20:13:56,057 : wlan0: AP-STA-CONNECTED 34:97:f6:c4:c5:34
wlan0: STA 34:97:f6:c4:c5:34 RADIUS: starting accounting session 5A27ECD1-00000000

SessionID[NDU4Mzg=] 2017-12-06 20:13:56,057 : wlan0: AP-STA-CONNECTED 34:97:f6:c4:c5:34
wlan0: STA 34:97:f6:c4:c5:34 RADIUS: starting accounting session 5A27ECD1-00000000

SessionID[OTA2] 2017-12-06 20:39:21,455 : Configuration file: core/config/hostapd/hostapd.conf
Using interface wlan0 with hwaddr bc:f6:85:21:26:0b and ssid "AirportWifi"
wlan0: interface state UNINITIALIZED->ENABLED
wlan0: AP-ENABLED 

SessionID[NzYzOTM=] 2017-12-06 20:40:30,022 : Configuration file: core/config/hostapd/hostapd.conf
Using interface wlan0 with hwaddr bc:f6:85:21:26:0b and ssid "AirportWifi"
wlan0: interface state UNINITIALIZED->ENABLED
wlan0: AP-ENABLED 

SessionID[NzQxMw==] 2017-12-06 20:43:03,841 : Configuration file: core/config/hostapd/hostapd.conf
Using interface wlan0 with hwaddr bc:f6:85:21:26:0b and ssid "AirportWifi"
wlan0: interface state UNINITIALIZED->ENABLED
wlan0: AP-ENABLED 

SessionID[NzQxMw==] 2017-12-06 20:43:33,614 : Configuration file: core/config/hostapd/hostapd.conf
Using interface wlan0 with hwaddr bc:f6:85:21:26:0b and ssid "AirportWifi"
wlan0: interface state UNINITIALIZED->ENABLED
wlan0: AP-ENABLED 

SessionID[NDY4ODk=] 2017-12-06 20:43:33,614 : Configuration file: core/config/hostapd/hostapd.conf
Using interface wlan0 with hwaddr bc:f6:85:21:26:0b and ssid "AirportWifi"
wlan0: interface state UNINITIALIZED->ENABLED
wlan0: AP-ENABLED 

SessionID[ODU1MjE=] 2017-12-06 21:06:42,367 : Configuration file: core/config/hostapd/hostapd.conf
Using interface wlan0 with hwaddr bc:f6:85:21:26:0b and ssid "AirportWifi"
wlan0: interface state UNINITIALIZED->ENABLED
wlan0: AP-ENABLED 

SessionID[MzYxNTg=] 2017-12-15 20:42:27,662 : Configuration file: core/config/hostapd/hostapd.conf
Using interface wlan0 with hwaddr bc:f6:85:21:26:0b and ssid "AirportWifi"
wlan0: interface state UNINITIALIZED->ENABLED
wlan0: AP-ENABLED 

SessionID[MzYxNTg=] 2017-12-15 20:43:11,730 : Configuration file: core/config/hostapd/hostapd.conf
Using interface wlan0 with hwaddr bc:f6:85:21:26:0b and ssid "AirportWifi"
wlan0: interface state UNINITIALIZED->ENABLED
wlan0: AP-ENABLED 

SessionID[Nzk0NjI=] 2017-12-15 20:43:11,730 : Configuration file: core/config/hostapd/hostapd.conf
Using interface wlan0 with hwaddr bc:f6:85:21:26:0b and ssid "AirportWifi"
wlan0: interface state UNINITIALIZED->ENABLED
wlan0: AP-ENABLED 

SessionID[NTk1MDU=] 2017-12-15 20:46:23,343 : Configuration file: core/config/hostapd/hostapd.conf
Using interface wlan0 with hwaddr bc:f6:85:21:26:0b and ssid "AirportWifi"
wlan0: interface state UNINITIALIZED->ENABLED
wlan0: AP-ENABLED 

SessionID[NTk1MDU=] 2017-12-15 20:46:46,170 : Configuration file: core/config/hostapd/hostapd.conf
Using interface wlan0 with hwaddr bc:f6:85:21:26:0b and ssid "AirportWifi"
wlan0: interface state UNINITIALIZED->ENABLED
wlan0: AP-ENABLED 

SessionID[ODI1MTg=] 2017-12-15 20:46:46,170 : Configuration file: core/config/hostapd/hostapd.conf
Using interface wlan0 with hwaddr bc:f6:85:21:26:0b and ssid "AirportWifi"
wlan0: interface state UNINITIALIZED->ENABLED
wlan0: AP-ENABLED 

SessionID[NzI1Mjg=] 2017-12-15 20:48:06,612 : Configuration file: core/config/hostapd/hostapd.conf
Using interface wlan0 with hwaddr bc:f6:85:21:26:0b and ssid "AirportWifi"
wlan0: interface state UNINITIALIZED->ENABLED
wlan0: AP-ENABLED 

SessionID[NzI1Mjg=] 2017-12-15 20:48:22,168 : Configuration file: core/config/hostapd/hostapd.conf
Using interface wlan0 with hwaddr bc:f6:85:21:26:0b and ssid "AirportWifi"
wlan0: interface state UNINITIALIZED->ENABLED
wlan0: AP-ENABLED 

SessionID[Nzg0NjY=] 2017-12-15 20:48:22,168 : Configuration file: core/config/hostapd/hostapd.conf
Using interface wlan0 with hwaddr bc:f6:85:21:26:0b and ssid "AirportWifi"
wlan0: interface state UNINITIALIZED->ENABLED
wlan0: AP-ENABLED 

SessionID[NzI1Mjg=] 2017-12-15 20:52:16,392 : Configuration file: core/config/hostapd/hostapd.conf
Using interface wlan0 with hwaddr bc:f6:85:21:26:0b and ssid "AirportWifi"
wlan0: interface state UNINITIALIZED->ENABLED
wlan0: AP-ENABLED 

SessionID[Nzg0NjY=] 2017-12-15 20:52:16,392 : Configuration file: core/config/hostapd/hostapd.conf
Using interface wlan0 with hwaddr bc:f6:85:21:26:0b and ssid "AirportWifi"
wlan0: interface state UNINITIALIZED->ENABLED
wlan0: AP-ENABLED 

SessionID[MzExNDY=] 2017-12-15 20:52:16,392 : Configuration file: core/config/hostapd/hostapd.conf
Using interface wlan0 with hwaddr bc:f6:85:21:26:0b and ssid "AirportWifi"
wlan0: interface state UNINITIALIZED->ENABLED
wlan0: AP-ENABLED 

SessionID[NzI1Mjg=] 2017-12-15 20:53:14,503 : Configuration file: core/config/hostapd/hostapd.conf
Using interface wlan0 with hwaddr bc:f6:85:21:26:0b and ssid "AirportWifi"
wlan0: interface state UNINITIALIZED->ENABLED
wlan0: AP-ENABLED 

SessionID[Nzg0NjY=] 2017-12-15 20:53:14,503 : Configuration file: core/config/hostapd/hostapd.conf
Using interface wlan0 with hwaddr bc:f6:85:21:26:0b and ssid "AirportWifi"
wlan0: interface state UNINITIALIZED->ENABLED
wlan0: AP-ENABLED 

SessionID[MzExNDY=] 2017-12-15 20:53:14,503 : Configuration file: core/config/hostapd/hostapd.conf
Using interface wlan0 with hwaddr bc:f6:85:21:26:0b and ssid "AirportWifi"
wlan0: interface state UNINITIALIZED->ENABLED
wlan0: AP-ENABLED 

SessionID[MzQyODk=] 2017-12-15 20:53:14,503 : Configuration file: core/config/hostapd/hostapd.conf
Using interface wlan0 with hwaddr bc:f6:85:21:26:0b and ssid "AirportWifi"
wlan0: interface state UNINITIALIZED->ENABLED
wlan0: AP-ENABLED 

SessionID[NjY2MzM=] 2017-12-15 21:01:57,206 : Configuration file: core/config/hostapd/hostapd.conf
Using interface wlan0 with hwaddr bc:f6:85:21:26:0b and ssid "AirportWifi"
wlan0: interface state UNINITIALIZED->ENABLED
wlan0: AP-ENABLED 

SessionID[NjY2MzM=] 2017-12-15 21:02:08,853 : Configuration file: core/config/hostapd/hostapd.conf
Using interface wlan0 with hwaddr bc:f6:85:21:26:0b and ssid "AirportWifi"
wlan0: interface state UNINITIALIZED->ENABLED
wlan0: AP-ENABLED 

SessionID[MTM0Njk=] 2017-12-15 21:02:08,853 : Configuration file: core/config/hostapd/hostapd.conf
Using interface wlan0 with hwaddr bc:f6:85:21:26:0b and ssid "AirportWifi"
wlan0: interface state UNINITIALIZED->ENABLED
wlan0: AP-ENABLED 

SessionID[NzYwOTc=] 2017-12-16 18:39:32,627 : Configuration file: core/config/hostapd/hostapd.conf
Using interface wlan0 with hwaddr bc:f6:85:21:26:0b and ssid "AirportWifi"
wlan0: interface state UNINITIALIZED->ENABLED
wlan0: AP-ENABLED 

SessionID[NzYwOTc=] 2017-12-16 18:40:25,129 : wlan0: STA f0:f6:1c:cf:21:18 IEEE 802.11: authenticated

SessionID[NzYwOTc=] 2017-12-16 18:40:25,131 : wlan0: STA f0:f6:1c:cf:21:18 IEEE 802.11: associated (aid 1)

SessionID[NzYwOTc=] 2017-12-16 18:40:25,131 : wlan0: AP-STA-CONNECTED f0:f6:1c:cf:21:18
wlan0: STA f0:f6:1c:cf:21:18 RADIUS: starting accounting session 5A3505F1-00000000

SessionID[MjMxMjE=] 2017-12-16 18:43:24,595 : Configuration file: core/config/hostapd/hostapd.conf
Using interface wlan0 with hwaddr bc:f6:85:21:26:0b and ssid "AirportWifi"
wlan0: interface state UNINITIALIZED->ENABLED
wlan0: AP-ENABLED 

SessionID[NTIzNDA=] 2017-12-16 18:46:17,222 : Configuration file: core/config/hostapd/hostapd.conf
Using interface wlan0 with hwaddr bc:f6:85:21:26:0b and ssid "AirportWifi"
wlan0: interface state UNINITIALIZED->ENABLED
wlan0: AP-ENABLED 

SessionID[ODkwNzg=] 2017-12-16 19:16:11,418 : Configuration file: core/config/hostapd/hostapd.conf
Using interface wlan0 with hwaddr bc:f6:85:21:26:0b and ssid "AirportWifi"
wlan0: interface state UNINITIALIZED->ENABLED
wlan0: AP-ENABLED 

SessionID[NzU1NTU=] 2017-12-16 19:27:20,666 : Configuration file: core/config/hostapd/hostapd.conf
Using interface wlan0 with hwaddr bc:f6:85:21:26:0b and ssid "AirportWifi"
wlan0: interface state UNINITIALIZED->ENABLED
wlan0: AP-ENABLED 

SessionID[NDg1] 2017-12-16 19:55:54,925 : Configuration file: core/config/hostapd/hostapd.conf
Using interface wlan0 with hwaddr bc:f6:85:21:26:0b and ssid "AirportWifi"
wlan0: interface state UNINITIALIZED->ENABLED
wlan0: AP-ENABLED 

SessionID[NzI3MjQ=] 2017-12-16 19:58:39,054 : Configuration file: core/config/hostapd/hostapd.conf
Using interface wlan0 with hwaddr bc:f6:85:21:26:0b and ssid "AirportWifi"
wlan0: interface state UNINITIALIZED->ENABLED
wlan0: AP-ENABLED 

SessionID[NTU3NjQ=] 2017-12-16 20:00:27,158 : Configuration file: core/config/hostapd/hostapd.conf
Using interface wlan0 with hwaddr bc:f6:85:21:26:0b and ssid "AirportWifi"
wlan0: interface state UNINITIALIZED->ENABLED
wlan0: AP-ENABLED 

SessionID[ODY3NDI=] 2017-12-16 20:03:15,159 : Configuration file: core/config/hostapd/hostapd.conf
Using interface wlan0 with hwaddr bc:f6:85:21:26:0b and ssid "AirportWifi"
wlan0: interface state UNINITIALIZED->ENABLED
wlan0: AP-ENABLED 

SessionID[MjQxMzY=] 2017-12-16 20:05:34,166 : Configuration file: core/config/hostapd/hostapd.conf
Using interface wlan0 with hwaddr bc:f6:85:21:26:0b and ssid "AirportWifi"
wlan0: interface state UNINITIALIZED->ENABLED
wlan0: AP-ENABLED 

SessionID[MTI0MzA=] 2017-12-16 20:09:14,369 : Configuration file: core/config/hostapd/hostapd.conf
Using interface wlan0 with hwaddr bc:f6:85:21:26:0b and ssid "AirportWifi"
wlan0: interface state UNINITIALIZED->ENABLED
wlan0: AP-ENABLED 

SessionID[NzE3Mjk=] 2017-12-16 20:12:44,727 : Configuration file: core/config/hostapd/hostapd.conf
Using interface wlan0 with hwaddr bc:f6:85:21:26:0b and ssid "AirportWifi"
wlan0: interface state UNINITIALIZED->ENABLED
wlan0: AP-ENABLED 

SessionID[NzE3Mjk=] 2017-12-16 20:12:45,883 : wlan0: STA 34:97:f6:c4:c5:34 IEEE 802.11: authenticated

SessionID[NzE3Mjk=] 2017-12-16 20:12:45,886 : wlan0: STA 34:97:f6:c4:c5:34 IEEE 802.11: associated (aid 1)

SessionID[NzE3Mjk=] 2017-12-16 20:12:45,886 : wlan0: AP-STA-CONNECTED 34:97:f6:c4:c5:34
wlan0: STA 34:97:f6:c4:c5:34 RADIUS: starting accounting session 5A351BC9-00000000

SessionID[NjgxMzE=] 2017-12-16 20:15:56,156 : Configuration file: core/config/hostapd/hostapd.conf
Using interface wlan0 with hwaddr bc:f6:85:21:26:0b and ssid "AirportWifi"
wlan0: interface state UNINITIALIZED->ENABLED
wlan0: AP-ENABLED 

SessionID[ODcw] 2017-12-16 20:34:53,616 : Configuration file: core/config/hostapd/hostapd.conf
Using interface wlan0 with hwaddr bc:f6:85:21:26:0b and ssid "AirportWifi"
wlan0: interface state UNINITIALIZED->ENABLED
wlan0: AP-ENABLED 

SessionID[MzQ0MTA=] 2017-12-16 20:43:21,923 : Configuration file: core/config/hostapd/hostapd.conf
Using interface wlan0 with hwaddr bc:f6:85:21:26:0b and ssid "AirportWifi"
wlan0: interface state UNINITIALIZED->ENABLED
wlan0: AP-ENABLED 

SessionID[Mzg5OTY=] 2017-12-16 20:44:25,335 : Configuration file: core/config/hostapd/hostapd.conf
Using interface wlan0 with hwaddr bc:f6:85:21:26:0b and ssid "AirportWifi"
wlan0: interface state UNINITIALIZED->ENABLED
wlan0: AP-ENABLED 

SessionID[NjU4MTg=] 2017-12-16 20:45:21,951 : Configuration file: core/config/hostapd/hostapd.conf
Using interface wlan0 with hwaddr bc:f6:85:21:26:0b and ssid "AirportWifi"
wlan0: interface state UNINITIALIZED->ENABLED
wlan0: AP-ENABLED 

SessionID[OTAxNzM=] 2017-12-16 20:49:36,254 : Configuration file: core/config/hostapd/hostapd.conf
Using interface wlan0 with hwaddr bc:f6:85:21:26:0b and ssid "AirportWifi"
wlan0: interface state UNINITIALIZED->ENABLED
wlan0: AP-ENABLED 

SessionID[OTUxNTE=] 2017-12-16 20:57:51,009 : Configuration file: core/config/hostapd/hostapd.conf
Using interface wlan0 with hwaddr bc:f6:85:21:26:0b and ssid "AirportWifi"
wlan0: interface state UNINITIALIZED->ENABLED
wlan0: AP-ENABLED 

SessionID[OTAwODA=] 2017-12-16 21:02:00,745 : Configuration file: core/config/hostapd/hostapd.conf
Using interface wlan0 with hwaddr bc:f6:85:21:26:0b and ssid "AirportWifi"
wlan0: interface state UNINITIALIZED->ENABLED
wlan0: AP-ENABLED 

SessionID[OTAwODA=] 2017-12-16 21:02:21,156 : wlan0: STA f0:f6:1c:cf:21:18 IEEE 802.11: authenticated

SessionID[OTAwODA=] 2017-12-16 21:02:21,158 : wlan0: STA f0:f6:1c:cf:21:18 IEEE 802.11: associated (aid 1)

SessionID[OTAwODA=] 2017-12-16 21:02:21,159 : wlan0: AP-STA-CONNECTED f0:f6:1c:cf:21:18
wlan0: STA f0:f6:1c:cf:21:18 RADIUS: starting accounting session 5A352754-00000000

SessionID[OTAwODA=] 2017-12-16 21:03:19,491 : Configuration file: core/config/hostapd/hostapd.conf
Using interface wlan0 with hwaddr bc:f6:85:21:26:0b and ssid "AirportWifi"
wlan0: interface state UNINITIALIZED->ENABLED
wlan0: AP-ENABLED 

SessionID[OTA5ODA=] 2017-12-16 21:03:19,491 : Configuration file: core/config/hostapd/hostapd.conf
Using interface wlan0 with hwaddr bc:f6:85:21:26:0b and ssid "AirportWifi"
wlan0: interface state UNINITIALIZED->ENABLED
wlan0: AP-ENABLED 

SessionID[OTAwODA=] 2017-12-16 21:03:44,485 : wlan0: STA f0:f6:1c:cf:21:18 IEEE 802.11: authenticated

SessionID[OTA5ODA=] 2017-12-16 21:03:44,485 : wlan0: STA f0:f6:1c:cf:21:18 IEEE 802.11: authenticated

SessionID[OTAwODA=] 2017-12-16 21:03:44,488 : wlan0: STA f0:f6:1c:cf:21:18 IEEE 802.11: associated (aid 1)

SessionID[OTA5ODA=] 2017-12-16 21:03:44,488 : wlan0: STA f0:f6:1c:cf:21:18 IEEE 802.11: associated (aid 1)

SessionID[OTAwODA=] 2017-12-16 21:03:44,489 : wlan0: AP-STA-CONNECTED f0:f6:1c:cf:21:18
wlan0: STA f0:f6:1c:cf:21:18 RADIUS: starting accounting session 5A3527A2-00000000

SessionID[OTA5ODA=] 2017-12-16 21:03:44,489 : wlan0: AP-STA-CONNECTED f0:f6:1c:cf:21:18
wlan0: STA f0:f6:1c:cf:21:18 RADIUS: starting accounting session 5A3527A2-00000000

SessionID[OTAwODA=] 2017-12-16 21:04:46,263 : Configuration file: core/config/hostapd/hostapd.conf
Using interface wlan0 with hwaddr bc:f6:85:21:26:0b and ssid "AirportWifi"
wlan0: interface state UNINITIALIZED->ENABLED
wlan0: AP-ENABLED 

SessionID[OTA5ODA=] 2017-12-16 21:04:46,263 : Configuration file: core/config/hostapd/hostapd.conf
Using interface wlan0 with hwaddr bc:f6:85:21:26:0b and ssid "AirportWifi"
wlan0: interface state UNINITIALIZED->ENABLED
wlan0: AP-ENABLED 

SessionID[Nzk4Nw==] 2017-12-16 21:04:46,263 : Configuration file: core/config/hostapd/hostapd.conf
Using interface wlan0 with hwaddr bc:f6:85:21:26:0b and ssid "AirportWifi"
wlan0: interface state UNINITIALIZED->ENABLED
wlan0: AP-ENABLED 

SessionID[OTAwODA=] 2017-12-16 21:05:04,558 : Configuration file: core/config/hostapd/hostapd.conf
Using interface wlan0 with hwaddr bc:f6:85:21:26:0b and ssid "AirportWifi"
wlan0: interface state UNINITIALIZED->ENABLED
wlan0: AP-ENABLED 

SessionID[OTA5ODA=] 2017-12-16 21:05:04,558 : Configuration file: core/config/hostapd/hostapd.conf
Using interface wlan0 with hwaddr bc:f6:85:21:26:0b and ssid "AirportWifi"
wlan0: interface state UNINITIALIZED->ENABLED
wlan0: AP-ENABLED 

SessionID[Nzk4Nw==] 2017-12-16 21:05:04,558 : Configuration file: core/config/hostapd/hostapd.conf
Using interface wlan0 with hwaddr bc:f6:85:21:26:0b and ssid "AirportWifi"
wlan0: interface state UNINITIALIZED->ENABLED
wlan0: AP-ENABLED 

SessionID[NjUyODU=] 2017-12-16 21:05:04,558 : Configuration file: core/config/hostapd/hostapd.conf
Using interface wlan0 with hwaddr bc:f6:85:21:26:0b and ssid "AirportWifi"
wlan0: interface state UNINITIALIZED->ENABLED
wlan0: AP-ENABLED 

SessionID[OTA4NzI=] 2017-12-16 21:05:45,798 : Configuration file: core/config/hostapd/hostapd.conf
Using interface wlan0 with hwaddr bc:f6:85:21:26:0b and ssid "AirportWifi"
wlan0: interface state UNINITIALIZED->ENABLED
wlan0: AP-ENABLED 

SessionID[OTA4NzI=] 2017-12-16 21:06:05,348 : wlan0: STA f0:f6:1c:cf:21:18 IEEE 802.11: authenticated

SessionID[OTA4NzI=] 2017-12-16 21:06:05,351 : wlan0: STA f0:f6:1c:cf:21:18 IEEE 802.11: associated (aid 1)

SessionID[OTA4NzI=] 2017-12-16 21:06:05,351 : wlan0: AP-STA-CONNECTED f0:f6:1c:cf:21:18
wlan0: STA f0:f6:1c:cf:21:18 RADIUS: starting accounting session 5A352834-00000000

SessionID[OTA4NzI=] 2017-12-16 21:07:34,932 : Configuration file: core/config/hostapd/hostapd.conf
Using interface wlan0 with hwaddr bc:f6:85:21:26:0b and ssid "AirportWifi"
wlan0: interface state UNINITIALIZED->ENABLED
wlan0: AP-ENABLED 

SessionID[NzUyODY=] 2017-12-16 21:07:34,932 : Configuration file: core/config/hostapd/hostapd.conf
Using interface wlan0 with hwaddr bc:f6:85:21:26:0b and ssid "AirportWifi"
wlan0: interface state UNINITIALIZED->ENABLED
wlan0: AP-ENABLED 

SessionID[OTA4NzI=] 2017-12-17 17:59:23,741 : Configuration file: core/config/hostapd/hostapd.conf
Using interface wlan0 with hwaddr bc:f6:85:21:26:0b and ssid "AirportWifi"
wlan0: interface state UNINITIALIZED->ENABLED
wlan0: AP-ENABLED 

SessionID[NzUyODY=] 2017-12-17 17:59:23,741 : Configuration file: core/config/hostapd/hostapd.conf
Using interface wlan0 with hwaddr bc:f6:85:21:26:0b and ssid "AirportWifi"
wlan0: interface state UNINITIALIZED->ENABLED
wlan0: AP-ENABLED 

SessionID[ODQwMjM=] 2017-12-17 17:59:23,741 : Configuration file: core/config/hostapd/hostapd.conf
Using interface wlan0 with hwaddr bc:f6:85:21:26:0b and ssid "AirportWifi"
wlan0: interface state UNINITIALIZED->ENABLED
wlan0: AP-ENABLED 

SessionID[MjMyNTU=] 2017-12-17 18:11:50,910 : Configuration file: core/config/hostapd/hostapd.conf
Using interface wlan0 with hwaddr bc:f6:85:21:26:0b and ssid "AirportWifi"
wlan0: interface state UNINITIALIZED->ENABLED
wlan0: AP-ENABLED 

SessionID[MzE0MDc=] 2017-12-17 18:15:31,931 : Configuration file: core/config/hostapd/hostapd.conf
Using interface wlan0 with hwaddr bc:f6:85:21:26:0b and ssid "AirportWifi"
wlan0: interface state UNINITIALIZED->ENABLED
wlan0: AP-ENABLED 

SessionID[MzE0MDc=] 2017-12-17 18:16:10,409 : wlan0: STA 34:97:f6:c4:c5:34 IEEE 802.11: authenticated

SessionID[MzE0MDc=] 2017-12-17 18:16:10,412 : wlan0: STA 34:97:f6:c4:c5:34 IEEE 802.11: associated (aid 1)

SessionID[MzE0MDc=] 2017-12-17 18:16:10,413 : wlan0: AP-STA-CONNECTED 34:97:f6:c4:c5:34
wlan0: STA 34:97:f6:c4:c5:34 RADIUS: starting accounting session 5A3651CF-00000000

SessionID[MzE0MDc=] 2017-12-17 18:17:03,447 : Configuration file: core/config/hostapd/hostapd.conf
Using interface wlan0 with hwaddr bc:f6:85:21:26:0b and ssid "AirportWifi"
wlan0: interface state UNINITIALIZED->ENABLED
wlan0: AP-ENABLED 

SessionID[MzI2MDY=] 2017-12-17 18:17:03,447 : Configuration file: core/config/hostapd/hostapd.conf
Using interface wlan0 with hwaddr bc:f6:85:21:26:0b and ssid "AirportWifi"
wlan0: interface state UNINITIALIZED->ENABLED
wlan0: AP-ENABLED 

SessionID[MzIxMTc=] 2017-12-18 17:33:37,586 : Configuration file: core/config/hostapd/hostapd.conf
Using interface wlan0 with hwaddr bc:f6:85:21:26:0b and ssid "AirportWifi"
wlan0: interface state UNINITIALIZED->ENABLED
wlan0: AP-ENABLED 

SessionID[MzIxMTc=] 2017-12-18 17:33:51,984 : Configuration file: core/config/hostapd/hostapd.conf
Using interface wlan0 with hwaddr bc:f6:85:21:26:0b and ssid "AirportWifi"
wlan0: interface state UNINITIALIZED->ENABLED
wlan0: AP-ENABLED 

SessionID[NzY4OTM=] 2017-12-18 17:33:51,984 : Configuration file: core/config/hostapd/hostapd.conf
Using interface wlan0 with hwaddr bc:f6:85:21:26:0b and ssid "AirportWifi"
wlan0: interface state UNINITIALIZED->ENABLED
wlan0: AP-ENABLED 

SessionID[NDEyNzM=] 2017-12-18 19:09:36,606 : Configuration file: core/config/hostapd/hostapd.conf
Using interface wlan0 with hwaddr bc:f6:85:21:26:0b and ssid "AirportWifi"
wlan0: interface state UNINITIALIZED->ENABLED
wlan0: AP-ENABLED 

SessionID[NzAyNDQ=] 2017-12-18 19:11:26,554 : Configuration file: core/config/hostapd/hostapd.conf
Using interface wlan0 with hwaddr bc:f6:85:21:26:0b and ssid "AirportWifi"
wlan0: interface state UNINITIALIZED->ENABLED
wlan0: AP-ENABLED 

SessionID[NDEwNzc=] 2017-12-18 19:12:35,968 : Configuration file: core/config/hostapd/hostapd.conf
Using interface wlan0 with hwaddr bc:f6:85:21:26:0b and ssid "AirportWifi"
wlan0: interface state UNINITIALIZED->ENABLED
wlan0: AP-ENABLED 

SessionID[MjkyMTc=] 2017-12-18 19:16:11,578 : Configuration file: core/config/hostapd/hostapd.conf
Using interface wlan0 with hwaddr bc:f6:85:21:26:0b and ssid "AirportWifi"
wlan0: interface state UNINITIALIZED->ENABLED
wlan0: AP-ENABLED 

SessionID[MjkyMTc=] 2017-12-18 19:16:52,953 : wlan0: STA f0:f6:1c:cf:21:18 IEEE 802.11: authenticated

SessionID[MjkyMTc=] 2017-12-18 19:16:52,955 : wlan0: STA f0:f6:1c:cf:21:18 IEEE 802.11: associated (aid 1)

SessionID[MjkyMTc=] 2017-12-18 19:16:52,956 : wlan0: AP-STA-CONNECTED f0:f6:1c:cf:21:18
wlan0: STA f0:f6:1c:cf:21:18 RADIUS: starting accounting session 5A37B185-00000000

SessionID[NTcxNzI=] 2017-12-18 19:27:15,054 : Configuration file: core/config/hostapd/hostapd.conf
Using interface wlan0 with hwaddr bc:f6:85:21:26:0b and ssid "AirportWifi"
wlan0: interface state UNINITIALIZED->ENABLED
wlan0: AP-ENABLED 

SessionID[NTcxNzI=] 2017-12-18 19:27:45,402 : Configuration file: core/config/hostapd/hostapd.conf
Using interface wlan0 with hwaddr bc:f6:85:21:26:0b and ssid "AirportWifi"
wlan0: interface state UNINITIALIZED->ENABLED
wlan0: AP-ENABLED 

SessionID[ODU3ODI=] 2017-12-18 19:27:45,402 : Configuration file: core/config/hostapd/hostapd.conf
Using interface wlan0 with hwaddr bc:f6:85:21:26:0b and ssid "AirportWifi"
wlan0: interface state UNINITIALIZED->ENABLED
wlan0: AP-ENABLED 

SessionID[NTIzMjk=] 2017-12-18 19:45:33,348 : Configuration file: core/config/hostapd/hostapd.conf
Using interface wlan0 with hwaddr bc:f6:85:21:26:0b and ssid "AirportWifi"
wlan0: interface state UNINITIALIZED->ENABLED
wlan0: AP-ENABLED 

SessionID[MjUyNTY=] 2017-12-18 19:55:48,679 : Configuration file: core/config/hostapd/hostapd.conf
Using interface wlan0 with hwaddr bc:f6:85:21:26:0b and ssid "AirportWifi"
wlan0: interface state UNINITIALIZED->ENABLED
wlan0: AP-ENABLED 

SessionID[MjYw] 2017-12-18 20:04:02,999 : Configuration file: core/config/hostapd/hostapd.conf
Using interface wlan0 with hwaddr bc:f6:85:21:26:0b and ssid "AirportWifi"
wlan0: interface state UNINITIALIZED->ENABLED
wlan0: AP-ENABLED 

SessionID[NDM1MzA=] 2017-12-18 20:34:30,726 : Configuration file: core/config/hostapd/hostapd.conf
Using interface wlan0 with hwaddr bc:f6:85:21:26:0b and ssid "AirportWifi"
wlan0: interface state UNINITIALIZED->ENABLED
wlan0: AP-ENABLED 

SessionID[NDM1MzA=] 2017-12-18 20:34:39,516 : wlan0: STA 34:97:f6:c4:c5:34 IEEE 802.11: authenticated

SessionID[NDM1MzA=] 2017-12-18 20:34:39,518 : wlan0: STA 34:97:f6:c4:c5:34 IEEE 802.11: associated (aid 1)
wlan0: AP-STA-CONNECTED 34:97:f6:c4:c5:34

SessionID[NDM1MzA=] 2017-12-18 20:34:39,518 : wlan0: STA 34:97:f6:c4:c5:34 RADIUS: starting accounting session 5A37C3E4-00000000

SessionID[NDk2ODE=] 2017-12-18 20:53:56,549 : Configuration file: core/config/hostapd/hostapd.conf
Using interface wlan0 with hwaddr bc:f6:85:21:26:0b and ssid "AirportWifi"
wlan0: interface state UNINITIALIZED->ENABLED
wlan0: AP-ENABLED 

SessionID[MTY2Njk=] 2017-12-18 21:11:14,094 : Configuration file: core/config/hostapd/hostapd.conf
Using interface wlan0 with hwaddr bc:f6:85:21:26:0b and ssid "AirportWifi"
wlan0: interface state UNINITIALIZED->ENABLED
wlan0: AP-ENABLED 

SessionID[MTY2Njk=] 2017-12-18 21:12:43,874 : Configuration file: core/config/hostapd/hostapd.conf
Using interface wlan0 with hwaddr bc:f6:85:21:26:0b and ssid "AirportWifi"
wlan0: interface state UNINITIALIZED->ENABLED
wlan0: AP-ENABLED 

SessionID[NzcyODI=] 2017-12-18 21:12:43,874 : Configuration file: core/config/hostapd/hostapd.conf
Using interface wlan0 with hwaddr bc:f6:85:21:26:0b and ssid "AirportWifi"
wlan0: interface state UNINITIALIZED->ENABLED
wlan0: AP-ENABLED 

SessionID[MzI5NTg=] 2017-12-21 21:20:18,526 : Configuration file: core/config/hostapd/hostapd.conf
Using interface wlan0 with hwaddr bc:f6:85:21:26:0b and ssid "AirportWifi"
wlan0: interface state UNINITIALIZED->ENABLED
wlan0: AP-ENABLED 

SessionID[MzI5NTg=] 2017-12-21 21:20:58,631 : Configuration file: core/config/hostapd/hostapd.conf
Using interface wlan0 with hwaddr bc:f6:85:21:26:0b and ssid "AirportWifi"
wlan0: interface state UNINITIALIZED->ENABLED
wlan0: AP-ENABLED 

SessionID[NzMxMzY=] 2017-12-21 21:20:58,631 : Configuration file: core/config/hostapd/hostapd.conf
Using interface wlan0 with hwaddr bc:f6:85:21:26:0b and ssid "AirportWifi"
wlan0: interface state UNINITIALIZED->ENABLED
wlan0: AP-ENABLED 

SessionID[OTA0NjM=] 2017-12-21 21:22:06,356 : Configuration file: core/config/hostapd/hostapd.conf
Using interface wlan0 with hwaddr bc:f6:85:21:26:0b and ssid "AirportWifi"
wlan0: interface state UNINITIALIZED->ENABLED
wlan0: AP-ENABLED 

SessionID[OTExNDQ=] 2017-12-21 21:24:49,959 : Configuration file: core/config/hostapd/hostapd.conf
Using interface wlan0 with hwaddr bc:f6:85:21:26:0b and ssid "AirportWifi"
wlan0: interface state UNINITIALIZED->ENABLED
wlan0: AP-ENABLED 

SessionID[NjU5NjE=] 2017-12-21 21:26:20,111 : Configuration file: core/config/hostapd/hostapd.conf
Using interface wlan0 with hwaddr bc:f6:85:21:26:0b and ssid "AirportWifi"
wlan0: interface state UNINITIALIZED->ENABLED
wlan0: AP-ENABLED 

SessionID[MzQ4MTY=] 2017-12-21 21:28:07,739 : Configuration file: core/config/hostapd/hostapd.conf
Using interface wlan0 with hwaddr bc:f6:85:21:26:0b and ssid "AirportWifi"
wlan0: interface state UNINITIALIZED->ENABLED
wlan0: AP-ENABLED 

SessionID[MzE2Mw==] 2017-12-21 21:28:41,317 : Configuration file: core/config/hostapd/hostapd.conf
Using interface wlan0 with hwaddr bc:f6:85:21:26:0b and ssid "AirportWifi"
wlan0: interface state UNINITIALIZED->ENABLED
wlan0: AP-ENABLED 

SessionID[NTcwMTY=] 2017-12-21 21:30:19,766 : Configuration file: core/config/hostapd/hostapd.conf
Using interface wlan0 with hwaddr bc:f6:85:21:26:0b and ssid "AirportWifi"
wlan0: interface state UNINITIALIZED->ENABLED
wlan0: AP-ENABLED 

SessionID[NTcwMTY=] 2017-12-21 21:31:50,884 : Configuration file: core/config/hostapd/hostapd.conf
Using interface wlan0 with hwaddr bc:f6:85:21:26:0b and ssid "AirportWifi"
wlan0: interface state UNINITIALIZED->ENABLED
wlan0: AP-ENABLED 

SessionID[MzAwNzI=] 2017-12-21 21:31:50,884 : Configuration file: core/config/hostapd/hostapd.conf
Using interface wlan0 with hwaddr bc:f6:85:21:26:0b and ssid "AirportWifi"
wlan0: interface state UNINITIALIZED->ENABLED
wlan0: AP-ENABLED 

SessionID[MTEwODY=] 2017-12-21 21:52:12,371 : Configuration file: core/config/hostapd/hostapd.conf
Using interface wlan0 with hwaddr bc:f6:85:21:26:0b and ssid "AirportWifi"
wlan0: interface state UNINITIALIZED->ENABLED
wlan0: AP-ENABLED 

SessionID[MTIyNjM=] 2017-12-21 22:04:12,607 : Configuration file: core/config/hostapd/hostapd.conf
Using interface wlan0 with hwaddr bc:f6:85:21:26:0b and ssid "AirportWifi"
wlan0: interface state UNINITIALIZED->ENABLED
wlan0: AP-ENABLED 

SessionID[OTM1MA==] 2017-12-21 22:07:21,647 : Configuration file: core/config/hostapd/hostapd.conf
Using interface wlan0 with hwaddr bc:f6:85:21:26:0b and ssid "AirportWifi"
wlan0: interface state UNINITIALIZED->ENABLED
wlan0: AP-ENABLED 

SessionID[NTY4MjQ=] 2017-12-21 22:11:07,809 : Configuration file: core/config/hostapd/hostapd.conf
Using interface wlan0 with hwaddr bc:f6:85:21:26:0b and ssid "AirportWifi"
wlan0: interface state UNINITIALIZED->ENABLED
wlan0: AP-ENABLED 

SessionID[MTA4MjA=] 2017-12-22 20:15:49,085 : Configuration file: core/config/hostapd/hostapd.conf
Using interface wlan0 with hwaddr bc:f6:85:21:26:0b and ssid "AirportWifi"
wlan0: interface state UNINITIALIZED->ENABLED
wlan0: AP-ENABLED 

SessionID[NDUyOTU=] 2017-12-22 21:46:23,043 : Configuration file: core/config/hostapd/hostapd.conf
Using interface wlan0 with hwaddr bc:f6:85:21:26:0b and ssid "AirportWifi"
wlan0: interface state UNINITIALIZED->ENABLED
wlan0: AP-ENABLED 

SessionID[NjcwOTI=] 2017-12-22 21:47:31,518 : Configuration file: core/config/hostapd/hostapd.conf
Using interface wlan0 with hwaddr bc:f6:85:21:26:0b and ssid "AirportWifi"
wlan0: interface state UNINITIALIZED->ENABLED
wlan0: AP-ENABLED 

SessionID[NjcwOTI=] 2017-12-22 21:48:09,236 : Configuration file: core/config/hostapd/hostapd.conf
Using interface wlan0 with hwaddr bc:f6:85:21:26:0b and ssid "AirportWifi"
wlan0: interface state UNINITIALIZED->ENABLED
wlan0: AP-ENABLED 

SessionID[MzAwMzQ=] 2017-12-22 21:48:09,236 : Configuration file: core/config/hostapd/hostapd.conf
Using interface wlan0 with hwaddr bc:f6:85:21:26:0b and ssid "AirportWifi"
wlan0: interface state UNINITIALIZED->ENABLED
wlan0: AP-ENABLED 

SessionID[NjcwOTI=] 2017-12-22 21:48:37,143 : Configuration file: core/config/hostapd/hostapd.conf
Using interface wlan0 with hwaddr bc:f6:85:21:26:0b and ssid "AirportWifi"
wlan0: interface state UNINITIALIZED->ENABLED
wlan0: AP-ENABLED 

SessionID[MzAwMzQ=] 2017-12-22 21:48:37,143 : Configuration file: core/config/hostapd/hostapd.conf
Using interface wlan0 with hwaddr bc:f6:85:21:26:0b and ssid "AirportWifi"
wlan0: interface state UNINITIALIZED->ENABLED
wlan0: AP-ENABLED 

SessionID[NDcxNTE=] 2017-12-22 21:48:37,143 : Configuration file: core/config/hostapd/hostapd.conf
Using interface wlan0 with hwaddr bc:f6:85:21:26:0b and ssid "AirportWifi"
wlan0: interface state UNINITIALIZED->ENABLED
wlan0: AP-ENABLED 

SessionID[NTY1NDg=] 2017-12-22 21:49:28,166 : Configuration file: core/config/hostapd/hostapd.conf
Using interface wlan0 with hwaddr bc:f6:85:21:26:0b and ssid "AirportWifi"
wlan0: interface state UNINITIALIZED->ENABLED
wlan0: AP-ENABLED 

SessionID[NDIxNTk=] 2017-12-23 02:22:06,709 : Configuration file: core/config/hostapd/hostapd.conf
Using interface wlan0 with hwaddr bc:f6:85:21:26:0b and ssid "AirportWifi"
wlan0: interface state UNINITIALIZED->ENABLED
wlan0: AP-ENABLED 

SessionID[NDIxNTk=] 2017-12-23 02:22:50,067 : Configuration file: core/config/hostapd/hostapd.conf
Using interface wlan0 with hwaddr bc:f6:85:21:26:0b and ssid "AirportWifi"
wlan0: interface state UNINITIALIZED->ENABLED
wlan0: AP-ENABLED 

SessionID[OTk0MjE=] 2017-12-23 02:22:50,067 : Configuration file: core/config/hostapd/hostapd.conf
Using interface wlan0 with hwaddr bc:f6:85:21:26:0b and ssid "AirportWifi"
wlan0: interface state UNINITIALIZED->ENABLED
wlan0: AP-ENABLED 

SessionID[NjEwMTI=] 2017-12-23 02:23:47,608 : Configuration file: core/config/hostapd/hostapd.conf
Using interface wlan0 with hwaddr bc:f6:85:21:26:0b and ssid "AirportWifi"
wlan0: interface state UNINITIALIZED->ENABLED
wlan0: AP-ENABLED 

SessionID[NDAwNTA=] 2017-12-23 02:24:31,594 : Configuration file: core/config/hostapd/hostapd.conf
Using interface wlan0 with hwaddr bc:f6:85:21:26:0b and ssid "AirportWifi"
wlan0: interface state UNINITIALIZED->ENABLED
wlan0: AP-ENABLED 

SessionID[NDAwNTA=] 2017-12-23 02:24:32,980 : wlan0: STA 94:0e:6b:9e:cf:de IEEE 802.11: authenticated

SessionID[NDAwNTA=] 2017-12-23 02:24:33,453 : wlan0: STA 94:0e:6b:9e:cf:de IEEE 802.11: did not acknowledge authentication response

SessionID[NDAwNTA=] 2017-12-23 02:24:35,315 : wlan0: STA 94:0e:6b:9e:cf:de IEEE 802.11: authenticated

SessionID[NDAwNTA=] 2017-12-23 02:24:35,831 : wlan0: STA 94:0e:6b:9e:cf:de IEEE 802.11: authenticated

SessionID[NDAwNTA=] 2017-12-23 02:24:35,845 : wlan0: STA 94:0e:6b:9e:cf:de IEEE 802.11: associated (aid 1)
wlan0: AP-STA-CONNECTED 94:0e:6b:9e:cf:de

SessionID[NDAwNTA=] 2017-12-23 02:24:35,845 : wlan0: STA 94:0e:6b:9e:cf:de RADIUS: starting accounting session 5A3D5BEB-00000000

SessionID[NjgyODU=] 2017-12-23 02:26:01,666 : Configuration file: core/config/hostapd/hostapd.conf
Using interface wlan0 with hwaddr bc:f6:85:21:26:0b and ssid "AirportWifi"
wlan0: interface state UNINITIALIZED->ENABLED
wlan0: AP-ENABLED 

SessionID[NjA5MzY=] 2017-12-23 02:26:34,345 : Configuration file: core/config/hostapd/hostapd.conf
Using interface wlan0 with hwaddr bc:f6:85:21:26:0b and ssid "AirportWifi"
wlan0: interface state UNINITIALIZED->ENABLED
wlan0: AP-ENABLED 

SessionID[NTM5MjY=] 2017-12-23 02:29:16,492 : Configuration file: core/config/hostapd/hostapd.conf
Using interface wlan0 with hwaddr bc:f6:85:21:26:0b and ssid "AirportWifi"
wlan0: interface state UNINITIALIZED->ENABLED
wlan0: AP-ENABLED 

SessionID[MzI2NDU=] 2017-12-23 02:35:20,448 : Configuration file: core/config/hostapd/hostapd.conf
Using interface wlan0 with hwaddr bc:f6:85:21:26:0b and ssid "AirportWifi"
wlan0: interface state UNINITIALIZED->ENABLED
wlan0: AP-ENABLED 

SessionID[MzMzMzM=] 2017-12-23 02:36:37,094 : Configuration file: core/config/hostapd/hostapd.conf
Using interface wlan0 with hwaddr bc:f6:85:21:26:0b and ssid "AirportWifi"
wlan0: interface state UNINITIALIZED->ENABLED
wlan0: AP-ENABLED 

SessionID[MzMzMzM=] 2017-12-23 02:36:39,516 : wlan0: STA 74:a5:28:5e:27:7a IEEE 802.11: authenticated

SessionID[MTIzMjU=] 2017-12-23 02:38:09,275 : Configuration file: core/config/hostapd/hostapd.conf
Using interface wlan0 with hwaddr bc:f6:85:21:26:0b and ssid "AirportWifi"
wlan0: interface state UNINITIALIZED->ENABLED
wlan0: AP-ENABLED 

SessionID[NDUwNg==] 2017-12-23 03:09:22,464 : Configuration file: core/config/hostapd/hostapd.conf
Using interface wlan0 with hwaddr bc:f6:85:21:26:0b and ssid "AirportWifi"
wlan0: interface state UNINITIALIZED->ENABLED
wlan0: AP-ENABLED 

SessionID[MTYxOTM=] 2017-12-23 03:11:13,105 : Configuration file: core/config/hostapd/hostapd.conf
Using interface wlan0 with hwaddr bc:f6:85:21:26:0b and ssid "AirportWifi"
wlan0: interface state UNINITIALIZED->ENABLED
wlan0: AP-ENABLED 

SessionID[MTYxOTM=] 2017-12-23 03:11:55,700 : Configuration file: core/config/hostapd/hostapd.conf
Using interface wlan0 with hwaddr bc:f6:85:21:26:0b and ssid "AirportWifi"
wlan0: interface state UNINITIALIZED->ENABLED
wlan0: AP-ENABLED 

SessionID[OTk2NzU=] 2017-12-23 03:11:55,700 : Configuration file: core/config/hostapd/hostapd.conf
Using interface wlan0 with hwaddr bc:f6:85:21:26:0b and ssid "AirportWifi"
wlan0: interface state UNINITIALIZED->ENABLED
wlan0: AP-ENABLED 

SessionID[Mjc2MzI=] 2017-12-23 03:12:11,167 : Configuration file: core/config/hostapd/hostapd.conf
Using interface wlan0 with hwaddr bc:f6:85:21:26:0b and ssid "AirportWifi"
wlan0: interface state UNINITIALIZED->ENABLED
wlan0: AP-ENABLED 

SessionID[Mjc2MzI=] 2017-12-23 03:12:27,364 : wlan0: STA d0:c5:f3:94:45:9c IEEE 802.11: authenticated

SessionID[Mjc2MzI=] 2017-12-23 03:12:27,417 : wlan0: STA d0:c5:f3:94:45:9c IEEE 802.11: associated (aid 1)

SessionID[Mjc2MzI=] 2017-12-23 03:12:27,417 : wlan0: AP-STA-CONNECTED d0:c5:f3:94:45:9c
wlan0: STA d0:c5:f3:94:45:9c RADIUS: starting accounting session 5A3D6715-00000000

SessionID[MTQ2NzY=] 2017-12-23 03:13:07,839 : Configuration file: core/config/hostapd/hostapd.conf
Using interface wlan0 with hwaddr bc:f6:85:21:26:0b and ssid "AirportWifi"
wlan0: interface state UNINITIALIZED->ENABLED
wlan0: AP-ENABLED 

SessionID[MTQ2NzY=] 2017-12-23 03:13:09,325 : wlan0: STA d0:c5:f3:94:45:9c IEEE 802.11: authenticated

SessionID[MTQ2NzY=] 2017-12-23 03:13:09,328 : wlan0: STA d0:c5:f3:94:45:9c IEEE 802.11: associated (aid 1)

SessionID[MTQ2NzY=] 2017-12-23 03:13:09,329 : wlan0: AP-STA-CONNECTED d0:c5:f3:94:45:9c
wlan0: STA d0:c5:f3:94:45:9c RADIUS: starting accounting session 5A3D674E-00000000

SessionID[OTgyMjY=] 2017-12-23 03:13:47,960 : Configuration file: core/config/hostapd/hostapd.conf
Using interface wlan0 with hwaddr bc:f6:85:21:26:0b and ssid "AirportWifi"
wlan0: interface state UNINITIALIZED->ENABLED
wlan0: AP-ENABLED 

SessionID[OTgyMjY=] 2017-12-23 03:13:57,199 : wlan0: STA d0:c5:f3:94:45:9c IEEE 802.11: authenticated

SessionID[OTgyMjY=] 2017-12-23 03:13:57,203 : wlan0: STA d0:c5:f3:94:45:9c IEEE 802.11: associated (aid 1)

SessionID[OTgyMjY=] 2017-12-23 03:13:57,203 : wlan0: AP-STA-CONNECTED d0:c5:f3:94:45:9c
wlan0: STA d0:c5:f3:94:45:9c RADIUS: starting accounting session 5A3D6775-00000000

SessionID[OTgyMjY=] 2017-12-23 03:14:08,513 : wlan0: STA e0:a3:ac:02:cd:4f IEEE 802.11: authenticated

SessionID[OTgyMjY=] 2017-12-23 03:14:08,546 : wlan0: STA e0:a3:ac:02:cd:4f IEEE 802.11: associated (aid 2)
wlan0: AP-STA-CONNECTED e0:a3:ac:02:cd:4f

SessionID[OTgyMjY=] 2017-12-23 03:14:08,547 : wlan0: STA e0:a3:ac:02:cd:4f RADIUS: starting accounting session 5A3D6775-00000001

SessionID[OTgyMjY=] 2017-12-23 03:14:08,748 : wlan0: AP-STA-DISCONNECTED e0:a3:ac:02:cd:4f
wlan0: STA e0:a3:ac:02:cd:4f IEEE 802.11: disassociated

SessionID[OTgyMjY=] 2017-12-23 03:14:09,750 : wlan0: STA e0:a3:ac:02:cd:4f IEEE 802.11: deauthenticated due to inactivity (timer DEAUTH/REMOVE)

SessionID[NTg5Mw==] 2017-12-23 03:15:20,529 : Configuration file: core/config/hostapd/hostapd.conf
Using interface wlan0 with hwaddr bc:f6:85:21:26:0b and ssid "AirportWifi"
wlan0: interface state UNINITIALIZED->ENABLED
wlan0: AP-ENABLED 
wlan0: STA d0:c5:f3:94:45:9c IEEE 802.11: authenticated
wlan0: STA d0:c5:f3:94:45:9c IEEE 802.11: associated (aid 1)
wlan0: AP-STA-CONNECTED d0:c5:f3:94:45:9c
wlan0: STA d0:c5:f3:94:45:9c RADIUS: starting accounting session 5A3D67D2-00000000

SessionID[MjI1MTE=] 2017-12-23 03:16:04,557 : Configuration file: core/config/hostapd/hostapd.conf
Using interface wlan0 with hwaddr bc:f6:85:21:26:0b and ssid "AirportWifi"
wlan0: interface state UNINITIALIZED->ENABLED
wlan0: AP-ENABLED 

SessionID[MjI1MTE=] 2017-12-23 03:16:06,046 : wlan0: STA d0:c5:f3:94:45:9c IEEE 802.11: authenticated

SessionID[MjI1MTE=] 2017-12-23 03:16:06,051 : wlan0: STA d0:c5:f3:94:45:9c IEEE 802.11: associated (aid 1)

SessionID[MjI1MTE=] 2017-12-23 03:16:06,051 : wlan0: AP-STA-CONNECTED d0:c5:f3:94:45:9c
wlan0: STA d0:c5:f3:94:45:9c RADIUS: starting accounting session 5A3D67FE-00000000

SessionID[MTQzOTQ=] 2017-12-23 03:18:29,622 : Configuration file: core/config/hostapd/hostapd.conf
Using interface wlan0 with hwaddr bc:f6:85:21:26:0b and ssid "AirportWifi"
wlan0: interface state UNINITIALIZED->ENABLED
wlan0: AP-ENABLED 

SessionID[MTQzOTQ=] 2017-12-23 03:18:38,846 : wlan0: STA 9c:b2:b2:57:3a:82 IEEE 802.11: did not acknowledge authentication response

SessionID[OTM2MzE=] 2017-12-23 14:56:37,963 : Configuration file: core/config/hostapd/hostapd.conf
Using interface wlan0 with hwaddr bc:f6:85:21:26:0b and ssid "AirportWifi"
wlan0: interface state UNINITIALIZED->ENABLED
wlan0: AP-ENABLED 

SessionID[MzQ3Mzk=] 2017-12-23 14:57:13,104 : Configuration file: core/config/hostapd/hostapd.conf
Using interface wlan0 with hwaddr bc:f6:85:21:26:0b and ssid "AirportWifi"
wlan0: interface state UNINITIALIZED->ENABLED
wlan0: AP-ENABLED 

SessionID[MzQ4ODI=] 2017-12-23 15:10:38,822 : Configuration file: core/config/hostapd/hostapd.conf
Using interface wlan0 with hwaddr bc:f6:85:21:26:0b and ssid "AirportWifi"
wlan0: interface state UNINITIALIZED->ENABLED
wlan0: AP-ENABLED 

SessionID[MjQyODY=] 2017-12-23 15:11:14,122 : Configuration file: core/config/hostapd/hostapd.conf
Using interface wlan0 with hwaddr bc:f6:85:21:26:0b and ssid "AirportWifi"
wlan0: interface state UNINITIALIZED->ENABLED
wlan0: AP-ENABLED 

SessionID[ODU0ODY=] 2017-12-23 15:11:38,199 : Configuration file: core/config/hostapd/hostapd.conf
Using interface wlan0 with hwaddr bc:f6:85:21:26:0b and ssid "AirportWifi"
wlan0: interface state UNINITIALIZED->ENABLED
wlan0: AP-ENABLED 

SessionID[ODU0ODY=] 2017-12-23 15:11:46,820 : wlan0: STA f0:f6:1c:cf:21:18 IEEE 802.11: authenticated

SessionID[ODU0ODY=] 2017-12-23 15:11:46,833 : wlan0: STA f0:f6:1c:cf:21:18 IEEE 802.11: associated (aid 1)

SessionID[ODU0ODY=] 2017-12-23 15:11:46,834 : wlan0: AP-STA-CONNECTED f0:f6:1c:cf:21:18
wlan0: STA f0:f6:1c:cf:21:18 RADIUS: starting accounting session 5A3E0FB6-00000000

SessionID[NjMwNjQ=] 2017-12-23 15:28:09,412 : Configuration file: core/config/hostapd/hostapd.conf
Using interface wlan0 with hwaddr bc:f6:85:21:26:0b and ssid "AirportWifi"
wlan0: interface state UNINITIALIZED->ENABLED
wlan0: AP-ENABLED 

