SessionID[MjU4OTA=] 2017-12-06 19:35:53,922 : python: can't open file 'plugins/external/Firelamb/Firelamb.py': [Errno 2] No such file or directory
SessionID[MjU4OTA=] 2017-12-06 19:35:53,923 : 
SessionID[NjcyODE=] 2017-12-06 19:57:04,387 : python: can't open file 'plugins/external/Firelamb/Firelamb.py': [Errno 2] No such file or directory
SessionID[NjcyODE=] 2017-12-06 19:57:04,388 : 
SessionID[NzUzMDY=] 2017-12-06 20:04:02,933 : python: can't open file 'plugins/external/Firelamb/Firelamb.py': [Errno 2] No such file or directory
SessionID[NzUzMDY=] 2017-12-06 20:04:02,934 : 
SessionID[NzQ2MTY=] 2017-12-06 20:06:32,923 : python: can't open file 'plugins/external/Firelamb/Firelamb.py': [Errno 2] No such file or directory
SessionID[NzQ2MTY=] 2017-12-06 20:06:32,925 : 
SessionID[NDY5NDQ=] 2017-12-06 20:09:38,482 : python: can't open file 'plugins/external/Firelamb/Firelamb.py': [Errno 2] No such file or directory
SessionID[NDY5NDQ=] 2017-12-06 20:09:38,484 : 
SessionID[NDY5NDQ=] 2017-12-06 20:09:58,578 : python: can't open file 'plugins/external/Firelamb/Firelamb.py': [Errno 2] No such file or directory
SessionID[MTk2MzM=] 2017-12-06 20:09:58,578 : python: can't open file 'plugins/external/Firelamb/Firelamb.py': [Errno 2] No such file or directory
SessionID[NDY5NDQ=] 2017-12-06 20:09:58,579 : 
SessionID[MTk2MzM=] 2017-12-06 20:09:58,579 : 
SessionID[NDY5NDQ=] 2017-12-06 20:10:45,497 : python: can't open file 'plugins/external/Firelamb/Firelamb.py': [Errno 2] No such file or directory
SessionID[MTk2MzM=] 2017-12-06 20:10:45,497 : python: can't open file 'plugins/external/Firelamb/Firelamb.py': [Errno 2] No such file or directory
SessionID[MzM2Njk=] 2017-12-06 20:10:45,497 : python: can't open file 'plugins/external/Firelamb/Firelamb.py': [Errno 2] No such file or directory
SessionID[NDY5NDQ=] 2017-12-06 20:10:45,498 : 
SessionID[MTk2MzM=] 2017-12-06 20:10:45,498 : 
SessionID[MzM2Njk=] 2017-12-06 20:10:45,498 : 
SessionID[NDY5NDQ=] 2017-12-06 20:12:53,597 : python: can't open file 'plugins/external/Firelamb/Firelamb.py': [Errno 2] No such file or directory
SessionID[MTk2MzM=] 2017-12-06 20:12:53,597 : python: can't open file 'plugins/external/Firelamb/Firelamb.py': [Errno 2] No such file or directory
SessionID[MzM2Njk=] 2017-12-06 20:12:53,597 : python: can't open file 'plugins/external/Firelamb/Firelamb.py': [Errno 2] No such file or directory
SessionID[NDU4Mzg=] 2017-12-06 20:12:53,597 : python: can't open file 'plugins/external/Firelamb/Firelamb.py': [Errno 2] No such file or directory
SessionID[NDY5NDQ=] 2017-12-06 20:12:53,599 : 
SessionID[MTk2MzM=] 2017-12-06 20:12:53,599 : 
SessionID[MzM2Njk=] 2017-12-06 20:12:53,599 : 
SessionID[NDU4Mzg=] 2017-12-06 20:12:53,599 : 
SessionID[OTA2] 2017-12-06 20:39:21,459 : python: can't open file 'plugins/external/Firelamb/Firelamb.py': [Errno 2] No such file or directory
SessionID[OTA2] 2017-12-06 20:39:21,460 : 
SessionID[NzYzOTM=] 2017-12-06 20:40:30,026 : python: can't open file 'plugins/external/Firelamb/Firelamb.py': [Errno 2] No such file or directory
SessionID[NzYzOTM=] 2017-12-06 20:40:30,027 : 
SessionID[NzQxMw==] 2017-12-06 20:43:03,844 : python: can't open file 'plugins/external/Firelamb/Firelamb.py': [Errno 2] No such file or directory
SessionID[NzQxMw==] 2017-12-06 20:43:03,846 : 
SessionID[NzQxMw==] 2017-12-06 20:43:33,618 : python: can't open file 'plugins/external/Firelamb/Firelamb.py': [Errno 2] No such file or directory
SessionID[NDY4ODk=] 2017-12-06 20:43:33,618 : python: can't open file 'plugins/external/Firelamb/Firelamb.py': [Errno 2] No such file or directory
SessionID[NzQxMw==] 2017-12-06 20:43:33,619 : 
SessionID[NDY4ODk=] 2017-12-06 20:43:33,619 : 
SessionID[ODU1MjE=] 2017-12-06 21:06:42,371 : python: can't open file 'plugins/external/Firelamb/Firelamb.py': [Errno 2] No such file or directory
SessionID[ODU1MjE=] 2017-12-06 21:06:42,372 : 
SessionID[MzYxNTg=] 2017-12-15 20:42:27,666 : python: can't open file 'plugins/external/Firelamb/Firelamb.py': [Errno 2] No such file or directory
SessionID[MzYxNTg=] 2017-12-15 20:42:27,667 : 
SessionID[MzYxNTg=] 2017-12-15 20:43:11,733 : python: can't open file 'plugins/external/Firelamb/Firelamb.py': [Errno 2] No such file or directory
SessionID[Nzk0NjI=] 2017-12-15 20:43:11,733 : python: can't open file 'plugins/external/Firelamb/Firelamb.py': [Errno 2] No such file or directory
SessionID[MzYxNTg=] 2017-12-15 20:43:11,734 : 
SessionID[Nzk0NjI=] 2017-12-15 20:43:11,734 : 
SessionID[NTk1MDU=] 2017-12-15 20:46:23,346 : python: can't open file 'plugins/external/Firelamb/Firelamb.py': [Errno 2] No such file or directory
SessionID[NTk1MDU=] 2017-12-15 20:46:23,348 : 
SessionID[NTk1MDU=] 2017-12-15 20:46:46,173 : python: can't open file 'plugins/external/Firelamb/Firelamb.py': [Errno 2] No such file or directory
SessionID[ODI1MTg=] 2017-12-15 20:46:46,173 : python: can't open file 'plugins/external/Firelamb/Firelamb.py': [Errno 2] No such file or directory
SessionID[NTk1MDU=] 2017-12-15 20:46:46,174 : 
SessionID[ODI1MTg=] 2017-12-15 20:46:46,174 : 
SessionID[NzI1Mjg=] 2017-12-15 20:48:06,616 : python: can't open file 'plugins/external/Firelamb/Firelamb.py': [Errno 2] No such file or directory
SessionID[NzI1Mjg=] 2017-12-15 20:48:06,617 : 
SessionID[NzI1Mjg=] 2017-12-15 20:48:22,170 : python: can't open file 'plugins/external/Firelamb/Firelamb.py': [Errno 2] No such file or directory
SessionID[Nzg0NjY=] 2017-12-15 20:48:22,170 : python: can't open file 'plugins/external/Firelamb/Firelamb.py': [Errno 2] No such file or directory
SessionID[NzI1Mjg=] 2017-12-15 20:48:22,171 : 
SessionID[Nzg0NjY=] 2017-12-15 20:48:22,171 : 
